生成启动时间为 2018/9/6 12:36:22。
     1>项目“C:\Users\chrisyjluo\Documents\Visual Studio 2015\Projects\PrintDrivers\PrintDrivers\PrintDrivers.vcxproj”在节点 2 上(Build 个目标)。
     1>正在使用工具版本“14.0”进行生成。
     1>来自项目“C:\Users\chrisyjluo\Documents\Visual Studio 2015\Projects\PrintDrivers\PrintDrivers\PrintDrivers.vcxproj”的文件“C:\Program Files (x86)\MSBuild\14.0\bin\Microsoft.Common.CurrentVersion.targets”中的目标“_CheckForInvalidConfigurationAndPlatform”(入口点):
       由于 false 条件，已跳过任务“Error”；( '$(_InvalidConfigurationError)' == 'true' )计算为( '' == 'true' )。
       由于 false 条件，已跳过任务“Warning”；( '$(_InvalidConfigurationWarning)' == 'true' )计算为( '' == 'true' )。
       正在使用程序集“Microsoft.Build.Tasks.Core, Version=14.0.0.0, Culture=neutral, PublicKeyToken=b03f5f7f11d50a3a”中的“Message”任务。
       任务“Message”
         Configuration=Debug
       已完成执行任务“Message”的操作。
       任务“Message”
         Platform=Win32
       已完成执行任务“Message”的操作。
       由于 false 条件，已跳过任务“Error”；('$(OutDir)' != '' and !HasTrailingSlash('$(OutDir)'))计算为('C:\Users\chrisyjluo\Documents\Visual Studio 2015\Projects\PrintDrivers\Debug\' != '' and !HasTrailingSlash('C:\Users\chrisyjluo\Documents\Visual Studio 2015\Projects\PrintDrivers\Debug\'))。
       由于 false 条件，已跳过任务“Error”；('$(BaseIntermediateOutputPath)' != '' and !HasTrailingSlash('$(BaseIntermediateOutputPath)'))计算为('obj\' != '' and !HasTrailingSlash('obj\'))。
       由于 false 条件，已跳过任务“Error”；('$(IntermediateOutputPath)' != '' and !HasTrailingSlash('$(IntermediateOutputPath)'))计算为('Debug\' != '' and !HasTrailingSlash('Debug\'))。
     1>已完成在项目“PrintDrivers.vcxproj”中生成目标“_CheckForInvalidConfigurationAndPlatform”的操作。
     1>来自项目“C:\Users\chrisyjluo\Documents\Visual Studio 2015\Projects\PrintDrivers\PrintDrivers\PrintDrivers.vcxproj”的文件“C:\Program Files (x86)\MSBuild\Microsoft.Cpp\v4.0\V140\Microsoft.BuildSteps.Targets”中的目标“_PrepareForBuild”(目标“Build”依赖于它):
       由于 false 条件，已跳过任务“CreateItem”；('%(CustomBuild.IncludeFileToTool)'!='')计算为(''!='')。
     1>已完成在项目“PrintDrivers.vcxproj”中生成目标“_PrepareForBuild”的操作。
     1>来自项目“C:\Users\chrisyjluo\Documents\Visual Studio 2015\Projects\PrintDrivers\PrintDrivers\PrintDrivers.vcxproj”的文件“C:\Program Files (x86)\MSBuild\Microsoft.Cpp\v4.0\V140\Microsoft.CppBuild.targets”中的目标“_PrepareForReferenceResolution”(目标“ResolveReferences”依赖于它):
       由于 false 条件，已跳过任务“Message”；('$(_REFERENCE_DEBUG)'=='true')计算为(''=='true')。
     1>已完成在项目“PrintDrivers.vcxproj”中生成目标“_PrepareForReferenceResolution”的操作。
       由于条件的计算结果为 false，已跳过目标“ComputeCrtSDKReference”；('@(ClCompile)'!='' and '$(WindowsAppContainer)'=='true' and '$(UseCrtSDKReference)' != 'false')的计算结果为('PrintDrivers.cpp;stdafx.cpp'!='' and 'false'=='true' and '' != 'false')。
     1>来自项目“C:\Users\chrisyjluo\Documents\Visual Studio 2015\Projects\PrintDrivers\PrintDrivers\PrintDrivers.vcxproj”的文件“C:\Program Files (x86)\MSBuild\14.0\bin\Microsoft.Common.CurrentVersion.targets”中的目标“BeforeResolveReferences”(目标“ResolveReferences”依赖于它):
     1>已完成在项目“PrintDrivers.vcxproj”中生成目标“BeforeResolveReferences”的操作。
     1>来自项目“C:\Users\chrisyjluo\Documents\Visual Studio 2015\Projects\PrintDrivers\PrintDrivers\PrintDrivers.vcxproj”的文件“C:\Program Files (x86)\MSBuild\14.0\bin\Microsoft.Common.CurrentVersion.targets”中的目标“AssignProjectConfiguration”(目标“ResolveReferences”依赖于它):
       正在使用程序集“Microsoft.Build.Tasks.Core, Version=14.0.0.0, Culture=neutral, PublicKeyToken=b03f5f7f11d50a3a”中的“AssignProjectConfiguration”任务。
       任务“AssignProjectConfiguration”
       已完成执行任务“AssignProjectConfiguration”的操作。
     1>已完成在项目“PrintDrivers.vcxproj”中生成目标“AssignProjectConfiguration”的操作。
       已跳过目标“AssignProjectConfiguration”。以前的生成已成功。
     1>来自项目“C:\Users\chrisyjluo\Documents\Visual Studio 2015\Projects\PrintDrivers\PrintDrivers\PrintDrivers.vcxproj”的文件“C:\Program Files (x86)\MSBuild\14.0\bin\Microsoft.Common.CurrentVersion.targets”中的目标“_SplitProjectReferencesByFileExistence”(目标“ResolveProjectReferences”依赖于它):
       由于 false 条件，已跳过任务“ResolveNonMSBuildProjectOutput”；('$(BuildingInsideVisualStudio)'=='true' and '@(ProjectReferenceWithConfiguration)'!='')计算为('true'=='true' and ''!='')。
     1>已完成在项目“PrintDrivers.vcxproj”中生成目标“_SplitProjectReferencesByFileExistence”的操作。
       由于条件的计算结果为 false，已跳过目标“_RemoveNameMetadataFromProjectReferenceItems”；('@(ProjectReference)'!='')的计算结果为(''!='')。
     1>来自项目“C:\Users\chrisyjluo\Documents\Visual Studio 2015\Projects\PrintDrivers\PrintDrivers\PrintDrivers.vcxproj”的文件“C:\Program Files (x86)\MSBuild\14.0\bin\Microsoft.Common.CurrentVersion.targets”中的目标“ResolveProjectReferences”(目标“ResolveReferences”依赖于它):
       由于 false 条件，已跳过任务“MSBuild”；('%(_MSBuildProjectReferenceExistent.BuildReference)' == 'true' and '@(ProjectReferenceWithConfiguration)' != '' and ('$(BuildingInsideVisualStudio)' == 'true' or '$(BuildProjectReferences)' != 'true') and '$(VisualStudioVersion)' != '10.0' and '@(_MSBuildProjectReferenceExistent)' != '')计算为('' == 'true' and '' != '' and ('true' == 'true' or 'true' != 'true') and '14.0' != '10.0' and '' != '')。
       由于 false 条件，已跳过任务“MSBuild”；('%(_MSBuildProjectReferenceExistent.BuildReference)' == 'true' and '@(ProjectReferenceWithConfiguration)' != '' and ('$(BuildingInsideVisualStudio)' == 'true' or '$(BuildProjectReferences)' != 'true') and '$(VisualStudioVersion)' == '10.0' and '@(_MSBuildProjectReferenceExistent)' != '')计算为('' == 'true' and '' != '' and ('true' == 'true' or 'true' != 'true') and '14.0' == '10.0' and '' != '')。
       由于 false 条件，已跳过任务“MSBuild”；('%(_MSBuildProjectReferenceExistent.BuildReference)' == 'true' and '@(ProjectReferenceWithConfiguration)' != '' and '$(BuildingInsideVisualStudio)' != 'true' and '$(BuildProjectReferences)' == 'true' and '@(_MSBuildProjectReferenceExistent)' != '')计算为('' == 'true' and '' != '' and 'true' != 'true' and 'true' == 'true' and '' != '')。
       由于 false 条件，已跳过任务“MSBuild”；('%(_MSBuildProjectReferenceExistent.BuildReference)' == 'true' and '@(ProjectReferenceWithConfiguration)' != '' and '$(BuildingProject)' == 'true' and '@(_MSBuildProjectReferenceExistent)' != '')计算为('' == 'true' and '' != '' and 'true' == 'true' and '' != '')。
       由于 false 条件，已跳过任务“Warning”；('@(ProjectReferenceWithConfiguration)' != '' and '@(_MSBuildProjectReferenceNonexistent)' != '')计算为('' != '' and '' != '')。
     1>已完成在项目“PrintDrivers.vcxproj”中生成目标“ResolveProjectReferences”的操作。
       由于条件的计算结果为 false，已跳过目标“FindInvalidProjectReferences”；('$(FindInvalidProjectReferences)' == 'true')的计算结果为('' == 'true')。
       由于条件的计算结果为 false，已跳过目标“ResolveNativeReferences”；('@(NativeReference)'!='')的计算结果为(''!='')。
       已跳过目标“_PrepareForReferenceResolution”。以前的生成已成功。
     1>来自项目“C:\Users\chrisyjluo\Documents\Visual Studio 2015\Projects\PrintDrivers\PrintDrivers\PrintDrivers.vcxproj”的文件“C:\Program Files (x86)\MSBuild\14.0\bin\Microsoft.NetFramework.CurrentVersion.targets”中的目标“GetFrameworkPaths”(目标“ResolveAssemblyReferences”依赖于它):
     1>已完成在项目“PrintDrivers.vcxproj”中生成目标“GetFrameworkPaths”的操作。
       由于条件的计算结果为 false，已跳过目标“GetWinFXPath”；(('@(Page)' != '' or '@(ApplicationDefinition)' != '' or '@(Resource)' != '') and ('$(GetWinFXNativePath)' != '' or '$(GetWinFXWoWPath)' != '' ))的计算结果为(('' != '' or '' != '' or '' != '') and ('' != '' or '' != '' ))。
     1>来自项目“C:\Users\chrisyjluo\Documents\Visual Studio 2015\Projects\PrintDrivers\PrintDrivers\PrintDrivers.vcxproj”的文件“C:\Program Files (x86)\MSBuild\14.0\bin\Microsoft.Common.CurrentVersion.targets”中的目标“GetReferenceAssemblyPaths”(目标“ResolveAssemblyReferences”依赖于它):
       由于 false 条件，已跳过任务“GetReferenceAssemblyPaths”；('$(TargetFrameworkMoniker)' != '' and ('$(_TargetFrameworkDirectories)' == '' or '$(_FullFrameworkReferenceAssemblyPaths)' == ''))计算为('' != '' and ('C:\Program Files (x86)\Reference Assemblies\Microsoft\Framework\.NETFramework\v4.0' == '' or 'C:\Program Files (x86)\Reference Assemblies\Microsoft\Framework\.NETFramework\v4.0' == ''))。
     1>已完成在项目“PrintDrivers.vcxproj”中生成目标“GetReferenceAssemblyPaths”的操作。
     1>来自项目“C:\Users\chrisyjluo\Documents\Visual Studio 2015\Projects\PrintDrivers\PrintDrivers\PrintDrivers.vcxproj”的文件“C:\Program Files (x86)\MSBuild\Microsoft.Cpp\v4.0\V140\Microsoft.Cpp.Current.targets”中的目标“SetBuildDefaultEnvironmentVariables”(目标“PrepareForBuild”依赖于它):
       正在使用程序集“C:\Program Files (x86)\MSBuild\Microsoft.Cpp\v4.0\V140\Microsoft.Build.CppTasks.Common.dll”中的“SetEnv”任务。
       任务“SetEnv”
         PATH=C:\Program Files (x86)\Microsoft Visual Studio 14.0\VC\bin;C:\Program Files (x86)\Microsoft SDKs\Windows\v7.1A\\bin;;C:\Program Files (x86)\Microsoft Visual Studio 14.0\Common7\tools;C:\Program Files (x86)\Microsoft Visual Studio 14.0\Common7\ide;C:\Program Files (x86)\HTML Help Workshop;;C:\Program Files (x86)\MSBuild\14.0\bin\;C:\Windows\Microsoft.NET\Framework\v4.0.30319\;C:\Windows\SysWow64;;F:\\chromium\depot_tools11;D:\Program Files (x86)\RosBE\bin;C:\Program Files\Java\jdk1.8.0_91/bin;C:\Program Files\Java\jdk1.8.0_91/jre/bin;C:\Python27\Lib\site-packages;C:\Python27\Lib\site-packages\PyQt4;C:\ProgramData\Oracle\Java\javapath;C:\Python27\;C:\Python27\Scripts;C:\Program Files\CMake\bin;C:\Program Files (x86)\Intel\iCLS Client\;C:\Program Files\Intel\iCLS Client\;C:\Windows\system32;C:\Windows;C:\Windows\System32\Wbem;C:\Windows\System32\WindowsPowerShell\v1.0\;C:\Program Files\Intel\Intel(R) Management Engine Components\DAL;C:\Program Files\Intel\Intel(R) Management Engine Components\IPT;C:\Program Files (x86)\Intel\Intel(R) Management Engine Components\DAL;C:\Program Files (x86)\Intel\Intel(R) Management Engine Components\IPT;C:\Program Files (x86)\NVIDIA Corporation\PhysX\Common;C:\Program Files (x86)\Microsoft SQL Server\90\Tools\binn\;C:\Program Files\TortoiseSVN\bin;D:\Programs\ADT\sdk\platform-tools;C:\Program Files\010 Editor;E:\android-ndk-r10d;C:\Program Files (x86)\wkhtmltopdf\bin\;D:\Program Files (x86)\Windows Kits\8.1\Windows Performance Toolkit\;C:\Program Files\doxygen\bin;C:\Program Files\Microsoft Windows Performance Toolkit\;C:\Program Files\Microsoft SQL Server\120\Tools\Binn\;C:\Program Files\Microsoft SQL Server\110\Tools\Binn\;C:\Program Files (x86)\Microsoft SDKs\TypeScript\1.0\;C:\Program Files\TortoiseGit\bin;
       已完成执行任务“SetEnv”的操作。
       任务“SetEnv”
         LIB=C:\Program Files (x86)\Microsoft Visual Studio 14.0\VC\lib;;C:\Program Files (x86)\Microsoft Visual Studio 14.0\VC\atlmfc\lib;;C:\Program Files (x86)\Windows Kits\10\lib\10.0.10240.0\ucrt\x86;;;C:\Program Files (x86)\Microsoft SDKs\Windows\v7.1A\lib;
       已完成执行任务“SetEnv”的操作。
       任务“SetEnv”
         LIBPATH=C:\Program Files (x86)\Microsoft Visual Studio 14.0\VC\atlmfc\lib;;C:\Program Files (x86)\Microsoft Visual Studio 14.0\VC\lib;
       已完成执行任务“SetEnv”的操作。
       任务“SetEnv”
         INCLUDE=C:\Program Files (x86)\Microsoft Visual Studio 14.0\VC\include;;C:\Program Files (x86)\Microsoft Visual Studio 14.0\VC\atlmfc\include;;C:\Program Files (x86)\Windows Kits\10\Include\10.0.10240.0\ucrt;;;C:\Program Files (x86)\Microsoft SDKs\Windows\v7.1A\include;
       已完成执行任务“SetEnv”的操作。
     1>已完成在项目“PrintDrivers.vcxproj”中生成目标“SetBuildDefaultEnvironmentVariables”的操作。
       由于条件的计算结果为 false，已跳过目标“SetUserMacroEnvironmentVariables”；('@(BuildMacro)' != '' and '$(DesignTimeBuild)' != 'true')的计算结果为('' != '' and '' != 'true')。
     1>来自项目“C:\Users\chrisyjluo\Documents\Visual Studio 2015\Projects\PrintDrivers\PrintDrivers\PrintDrivers.vcxproj”的文件“C:\Program Files (x86)\MSBuild\Microsoft.Cpp\v4.0\V140\Microsoft.CppBuild.targets”中的目标“GetResolvedWinMD”(目标“PrepareForBuild”依赖于它):
     1>已完成在项目“PrintDrivers.vcxproj”中生成目标“GetResolvedWinMD”的操作。
     1>来自项目“C:\Users\chrisyjluo\Documents\Visual Studio 2015\Projects\PrintDrivers\PrintDrivers\PrintDrivers.vcxproj”的文件“C:\Program Files (x86)\MSBuild\Microsoft.Cpp\v4.0\V140\Microsoft.Cpp.Platform.targets”中的目标“PlatformPrepareForBuild”(目标“PrepareForBuild”依赖于它):
       由于 false 条件，已跳过任务“VCMessage”；('$(_Error64bitToolsNotInstalled)' == 'true')计算为('' == 'true')。
       由于 false 条件，已跳过任务“VCMessage”；('$(DesignTimeBuild)'!='true' and '$(_ToolsetFound)' != 'true' and '$(PlatformToolset)' == 'v110')计算为(''!='true' and 'true' != 'true' and 'v140_xp' == 'v110')。
       由于 false 条件，已跳过任务“VCMessage”；('$(DesignTimeBuild)'!='true' and '$(_ToolsetFound)' != 'true' and '$(PlatformToolset)' == 'v100')计算为(''!='true' and 'true' != 'true' and 'v140_xp' == 'v100')。
       由于 false 条件，已跳过任务“VCMessage”；('$(DesignTimeBuild)'!='true' and '$(_ToolsetFound)' != 'true' and '$(PlatformToolset)' == 'v90')计算为(''!='true' and 'true' != 'true' and 'v140_xp' == 'v90')。
       由于 false 条件，已跳过任务“VCMessage”；('$(DesignTimeBuild)'!='true' and '$(_ToolsetFound)' != 'true' and '$(PlatformToolset)' != 'v90' and '$(PlatformToolset)' != 'v100' and '$(PlatformToolset)' != 'v110')计算为(''!='true' and 'true' != 'true' and 'v140_xp' != 'v90' and 'v140_xp' != 'v100' and 'v140_xp' != 'v110')。
     1>已完成在项目“PrintDrivers.vcxproj”中生成目标“PlatformPrepareForBuild”的操作。
     1>来自项目“C:\Users\chrisyjluo\Documents\Visual Studio 2015\Projects\PrintDrivers\PrintDrivers\PrintDrivers.vcxproj”的文件“C:\Program Files (x86)\MSBuild\Microsoft.Cpp\v4.0\V140\Platforms\Win32\PlatformToolsets\v140_xp\Toolset.targets”中的目标“CheckWindowsSDK71A”(目标“PrepareForBuild”依赖于它):
       由于 false 条件，已跳过任务“VCMessage”；('$(WindowsSdkDir_71A)'=='' and '$(UseEnv)' != 'true')计算为('C:\Program Files (x86)\Microsoft SDKs\Windows\v7.1A\'=='' and '' != 'true')。
     1>已完成在项目“PrintDrivers.vcxproj”中生成目标“CheckWindowsSDK71A”的操作。
       已跳过目标“GetFrameworkPaths”。以前的生成已成功。
       已跳过目标“GetReferenceAssemblyPaths”。以前的生成已成功。
       由于条件的计算结果为 false，已跳过目标“AssignLinkMetadata”；( '$(SynthesizeLinkMetadata)' == 'true' )的计算结果为( '' == 'true' )。
     1>来自项目“C:\Users\chrisyjluo\Documents\Visual Studio 2015\Projects\PrintDrivers\PrintDrivers\PrintDrivers.vcxproj”的文件“C:\Program Files (x86)\MSBuild\Microsoft\VisualStudio\v14.0\CodeAnalysis\Microsoft.CodeAnalysis.targets”中的目标“SetCABuildNativeEnvironmentVariables”(目标“PrepareForBuild”依赖于它):
       正在从程序集“C:\Program Files (x86)\MSBuild\14.0\bin\Microsoft.Build.Tasks.Core.dll”初始化任务工厂“CodeTaskFactory”。
       正在使用来自任务工厂“Code Task Factory”的“SetEnvironmentVariable”任务。
       任务“SetEnvironmentVariable”
       已完成执行任务“SetEnvironmentVariable”的操作。
     1>已完成在项目“PrintDrivers.vcxproj”中生成目标“SetCABuildNativeEnvironmentVariables”的操作。
     1>来自项目“C:\Users\chrisyjluo\Documents\Visual Studio 2015\Projects\PrintDrivers\PrintDrivers\PrintDrivers.vcxproj”的文件“C:\Program Files (x86)\MSBuild\Microsoft.Cpp\v4.0\V140\Microsoft.CppBuild.targets”中的目标“PrepareForBuild”(目标“ResolveAssemblyReferences”依赖于它):
       由于 false 条件，已跳过任务“VCMessage”；('$(DesignTimeBuild)' != 'true' and '$(ConfigurationPlatformExists)' != 'true')计算为('' != 'true' and 'true' != 'true')。
       正在使用程序集“Microsoft.Build.Tasks.Core, Version=14.0.0.0, Culture=neutral, PublicKeyToken=b03f5f7f11d50a3a”中的“MakeDir”任务。
       任务“MakeDir”
       已完成执行任务“MakeDir”的操作。
       由于 false 条件，已跳过任务“VCMessage”；('$(DesignTimeBuild)'!='true' and '$(WindowsAppContainer)'=='true' and '$(ConfigurationType)'!='Application' and '$(ConfigurationType)'!='DynamicLibrary' and '$(ConfigurationType)'!='StaticLibrary')计算为(''!='true' and 'false'=='true' and 'Application'!='Application' and 'Application'!='DynamicLibrary' and 'Application'!='StaticLibrary')。
       由于 false 条件，已跳过任务“VCMessage”；('$(DesignTimeBuild)'!='true' and '$(VCInstallDir)'=='' and '$(UseEnv)' != 'true' and ('$(TargetFrameworkVersion)'=='v3.5' or '$(TargetFrameworkVersion)'=='v3.0' or '$(TargetFrameworkVersion)'=='v2.0' ))计算为(''!='true' and 'C:\Program Files (x86)\Microsoft Visual Studio 14.0\VC\'=='' and '' != 'true' and ('v4.0'=='v3.5' or 'v4.0'=='v3.0' or 'v4.0'=='v2.0' ))。
       由于 false 条件，已跳过任务“VCMessage”；('$(DesignTimeBuild)'!='true' and '$(VCInstallDir)'=='' and '$(UseEnv)' != 'true' and '$(PlatformToolset)'=='v90')计算为(''!='true' and 'C:\Program Files (x86)\Microsoft Visual Studio 14.0\VC\'=='' and '' != 'true' and 'v140_xp'=='v90')。
       由于 false 条件，已跳过任务“VCMessage”；('$(VCInstallDir)'=='' and '$(UseEnv)' != 'true')计算为('C:\Program Files (x86)\Microsoft Visual Studio 14.0\VC\'=='' and '' != 'true')。
       由于 false 条件，已跳过任务“VCMessage”；('$(WindowsSDKDir)'=='' and '$(UseEnv)' != 'true')计算为('C:\Program Files (x86)\Microsoft SDKs\Windows\v7.1A\'=='' and '' != 'true')。
       由于 false 条件，已跳过任务“VCMessage”；('$(IntDirTrailingSlashWarning)'=='true')计算为(''=='true')。
       由于 false 条件，已跳过任务“VCMessage”；('$(OutDirTrailingSlashWarning)'=='true')计算为(''=='true')。
       由于 false 条件，已跳过任务“VCMessage”；('%(CompatibilityIssues.Identity)' != '' and '$(DesignTimeBuild)'!='true')计算为('' != '' and ''!='true')。
       由于 false 条件，已跳过任务“VCMessage”；('$(_MBCS_Using)' == 'true' and '$(_MBCS_Installed)' != 'true' and '$(DesignTimeBuild)' != 'true')计算为('' == 'true' and '' != 'true' and '' != 'true')。
       由于 false 条件，已跳过任务“VCMessage”；('$(IgnoreWarnIntDirSharingDetected)' != 'true' and '$(IntDirSharingDetected)' == 'true')计算为('' != 'true' and '' == 'true')。
       由于 false 条件，已跳过任务“VCMessage”；('$(IgnoreWarnIntDirInTempDetected)' != 'true' and ('$(_IntDirFullpath.StartsWith($(Tmp), true, null))' == 'true' or '$(_IntDirFullpath.StartsWith($(Temp), true, null))' == 'true' or '$(_OutDirFullpath.StartsWith($(Tmp), true, null))' == 'true' or '$(_OutDirFullpath.StartsWith($(Temp), true, null))' == 'true'))计算为('' != 'true' and ('False' == 'true' or 'False' == 'true' or 'False' == 'true' or 'False' == 'true'))。
       任务“MakeDir”
       已完成执行任务“MakeDir”的操作。
     1>已完成在项目“PrintDrivers.vcxproj”中生成目标“PrepareForBuild”的操作。
       已跳过目标“_PrepareForReferenceResolution”。以前的生成已成功。
       由于条件的计算结果为 false，已跳过目标“ComputeCrtSDKReference”；('@(ClCompile)'!='' and '$(WindowsAppContainer)'=='true' and '$(UseCrtSDKReference)' != 'false')的计算结果为('PrintDrivers.cpp;stdafx.cpp'!='' and 'false'=='true' and '' != 'false')。
     1>来自项目“C:\Users\chrisyjluo\Documents\Visual Studio 2015\Projects\PrintDrivers\PrintDrivers\PrintDrivers.vcxproj”的文件“C:\Program Files (x86)\MSBuild\14.0\bin\Microsoft.Common.CurrentVersion.targets”中的目标“GetInstalledSDKLocations”(目标“ResolveSDKReferences”依赖于它):
       由于 false 条件，已跳过任务“GetInstalledSDKLocations”；('@(SDKReference)' != '')计算为('' != '')。
       由于 false 条件，已跳过任务“GetInstalledSDKLocations”；('@(SDKReference)' != '' and '$(SupportWindows81SDKs)' == 'true' and '$(TargetPlatformIdentifierWindows81)' != '' and '$(TargetPlatformVersionWindows81)' != '')计算为('' != '' and '' == 'true' and '' != '' and '' != '')。
       由于 false 条件，已跳过任务“GetInstalledSDKLocations”；('@(SDKReference)' != '' and '$(SupportWindowsPhone81SDKs)' == 'true' and '$(TargetPlatformIdentifierWindowsPhone81)' != '' and '$(TargetPlatformVersionWindowsPhone81)' != '')计算为('' != '' and '' == 'true' and '' != '' and '' != '')。
     1>已完成在项目“PrintDrivers.vcxproj”中生成目标“GetInstalledSDKLocations”的操作。
     1>来自项目“C:\Users\chrisyjluo\Documents\Visual Studio 2015\Projects\PrintDrivers\PrintDrivers\PrintDrivers.vcxproj”的文件“C:\Program Files (x86)\MSBuild\14.0\Microsoft.Common.targets\ImportBefore\Windows.8.1.UT_SDKReference.props”中的目标“ModifyUnitTestPlatformVersion”(目标“ResolveSDKReferences”依赖于它):
     1>已完成在项目“PrintDrivers.vcxproj”中生成目标“ModifyUnitTestPlatformVersion”的操作。
     1>来自项目“C:\Users\chrisyjluo\Documents\Visual Studio 2015\Projects\PrintDrivers\PrintDrivers\PrintDrivers.vcxproj”的文件“C:\Program Files (x86)\MSBuild\14.0\bin\Microsoft.Common.CurrentVersion.targets”中的目标“ResolveSDKReferences”(目标“ResolveAssemblyReferences”依赖于它):
       由于 false 条件，已跳过任务“ResolveSDKReference”；('@(SDKReference)'!='')计算为(''!='')。
     1>已完成在项目“PrintDrivers.vcxproj”中生成目标“ResolveSDKReferences”的操作。
       已跳过目标“ResolveSDKReferences”。以前的生成已成功。
     1>来自项目“C:\Users\chrisyjluo\Documents\Visual Studio 2015\Projects\PrintDrivers\PrintDrivers\PrintDrivers.vcxproj”的文件“C:\Program Files (x86)\MSBuild\14.0\bin\Microsoft.Common.CurrentVersion.targets”中的目标“ExpandSDKReferences”(目标“ResolveAssemblyReferences”依赖于它):
       由于 false 条件，已跳过任务“GetSDKReferenceFiles”；('@(ResolvedSDKReference)'!='')计算为(''!='')。
     1>已完成在项目“PrintDrivers.vcxproj”中生成目标“ExpandSDKReferences”的操作。
       由于条件的计算结果为 false，已跳过目标“ResolveNuGetPackageAssets”；('$(ResolveNuGetPackages)' == 'true' and exists('$(ProjectLockFile)'))的计算结果为('true' == 'true' and exists('project.lock.json'))。
       由于条件的计算结果为 false，已跳过目标“FakesGenerateBeforeBuild”；(@(Fakes) != '' AND $(BuildingProject))的计算结果为( != '' AND true)。
     1>来自项目“C:\Users\chrisyjluo\Documents\Visual Studio 2015\Projects\PrintDrivers\PrintDrivers\PrintDrivers.vcxproj”的文件“C:\Program Files (x86)\MSBuild\14.0\bin\Microsoft.Common.CurrentVersion.targets”中的目标“ResolveAssemblyReferences”(目标“ResolveReferences”依赖于它):
       由于 false 条件，已跳过任务“ResolveAssemblyReference”；('@(Reference)'!='' or '@(_ResolvedProjectReferencePaths)'!='' or '@(_ExplicitReference)' != '')计算为(''!='' or ''!='' or '' != '')。
     1>已完成在项目“PrintDrivers.vcxproj”中生成目标“ResolveAssemblyReferences”的操作。
       由于条件的计算结果为 false，已跳过目标“GenerateBindingRedirects”；('$(AutoGenerateBindingRedirects)' == 'true' and '$(GenerateBindingRedirectsOutputType)' == 'true')的计算结果为('' == 'true' and 'true' == 'true')。
       由于条件的计算结果为 false，已跳过目标“GenerateBindingRedirectsUpdateAppConfig”；('$(AutoGenerateBindingRedirects)' == 'true' and '$(GenerateBindingRedirectsOutputType)' == 'true' and Exists('$(_GenerateBindingRedirectsIntermediateAppConfig)'))的计算结果为('' == 'true' and 'true' == 'true' and Exists('Debug\PrintDrivers.vcxproj.PrintDrivers.exe.config'))。
       由于条件的计算结果为 false，已跳过目标“ResolveComReferences”；('@(COMReference)'!='' or '@(COMFileReference)'!='')的计算结果为(''!='' or ''!='')。
     1>来自项目“C:\Users\chrisyjluo\Documents\Visual Studio 2015\Projects\PrintDrivers\PrintDrivers\PrintDrivers.vcxproj”的文件“C:\Program Files (x86)\MSBuild\14.0\bin\Microsoft.Common.CurrentVersion.targets”中的目标“AfterResolveReferences”(目标“ResolveReferences”依赖于它):
     1>已完成在项目“PrintDrivers.vcxproj”中生成目标“AfterResolveReferences”的操作。
       由于条件的计算结果为 false，已跳过目标“ImplicitlyExpandDesignTimeFacades”；('$(ImplicitlyExpandDesignTimeFacades)' == 'true')的计算结果为('' == 'true')。
       由于条件的计算结果为 false，已跳过目标“ResolveTestReferences”；('@(Shadow)'!='')的计算结果为(''!='')。
     1>来自项目“C:\Users\chrisyjluo\Documents\Visual Studio 2015\Projects\PrintDrivers\PrintDrivers\PrintDrivers.vcxproj”的文件“C:\Program Files (x86)\MSBuild\14.0\bin\Microsoft.Common.CurrentVersion.targets”中的目标“ResolveReferences”(目标“Build”依赖于它):
     1>已完成在项目“PrintDrivers.vcxproj”中生成目标“ResolveReferences”的操作。
       已跳过目标“PrepareForBuild”。以前的生成已成功。
       已跳过目标“PrepareForBuild”。以前的生成已成功。
     1>来自项目“C:\Users\chrisyjluo\Documents\Visual Studio 2015\Projects\PrintDrivers\PrintDrivers\PrintDrivers.vcxproj”的文件“C:\Program Files (x86)\MSBuild\Microsoft.Cpp\v4.0\V140\Microsoft.CppBuild.targets”中的目标“InitializeBuildStatus”(目标“Build”依赖于它):
       正在使用程序集“Microsoft.Build.Tasks.Core, Version=14.0.0.0, Culture=neutral, PublicKeyToken=b03f5f7f11d50a3a”中的“ReadLinesFromFile”任务。
       任务“ReadLinesFromFile”
       已完成执行任务“ReadLinesFromFile”的操作。
       正在使用程序集“Microsoft.Build.Tasks.Core, Version=14.0.0.0, Culture=neutral, PublicKeyToken=b03f5f7f11d50a3a”中的“WriteLinesToFile”任务。
       任务“WriteLinesToFile”
       已完成执行任务“WriteLinesToFile”的操作。
       正在使用程序集“Microsoft.Build.Tasks.Core, Version=14.0.0.0, Culture=neutral, PublicKeyToken=b03f5f7f11d50a3a”中的“Touch”任务。
       任务“Touch”
         正在创建“Debug\PrintDrivers.tlog\unsuccessfulbuild”，因为已指定“AlwaysCreate”。
       已完成执行任务“Touch”的操作。
     1>已完成在项目“PrintDrivers.vcxproj”中生成目标“InitializeBuildStatus”的操作。
       已跳过目标“AssignProjectConfiguration”。以前的生成已成功。
       已跳过目标“_SplitProjectReferencesByFileExistence”。以前的生成已成功。
     1>来自项目“C:\Users\chrisyjluo\Documents\Visual Studio 2015\Projects\PrintDrivers\PrintDrivers\PrintDrivers.vcxproj”的文件“C:\Program Files (x86)\MSBuild\14.0\bin\Microsoft.Common.CurrentVersion.targets”中的目标“BuildGenerateSourcesTraverse”(目标“BuildGenerateSources”依赖于它):
       由于 false 条件，已跳过任务“MSBuild”；('$(BuildPassReferences)' == 'true' and '@(ProjectReferenceWithConfiguration)' != '' and '@(_MSBuildProjectReferenceExistent)' != '' and '%(_MSBuildProjectReferenceExistent.BuildReference)' == 'true')计算为('' == 'true' and '' != '' and '' != '' and '' == 'true')。
     1>已完成在项目“PrintDrivers.vcxproj”中生成目标“BuildGenerateSourcesTraverse”的操作。
       已跳过目标“PrepareForBuild”。以前的生成已成功。
       已跳过目标“ResolveReferences”。以前的生成已成功。
     1>来自项目“C:\Users\chrisyjluo\Documents\Visual Studio 2015\Projects\PrintDrivers\PrintDrivers\PrintDrivers.vcxproj”的文件“C:\Program Files (x86)\MSBuild\Microsoft.Cpp\v4.0\V140\Microsoft.BuildSteps.Targets”中的目标“BeforeBuildGenerateSources”(目标“_BuildGenerateSourcesAction”依赖于它):
     1>已完成在项目“PrintDrivers.vcxproj”中生成目标“BeforeBuildGenerateSources”的操作。
     1>来自项目“C:\Users\chrisyjluo\Documents\Visual Studio 2015\Projects\PrintDrivers\PrintDrivers\PrintDrivers.vcxproj”的文件“C:\Program Files (x86)\MSBuild\Microsoft.Cpp\v4.0\V140\Microsoft.CppCommon.targets”中的目标“PreBuildEvent”(目标“_BuildGenerateSourcesAction”依赖于它):
       由于 false 条件，已跳过任务“Message”；('%(PreBuildEvent.Message)' != '' and '%(PreBuildEvent.Command)' != '')计算为('' != '' and '' != '')。
       由于 false 条件，已跳过任务“Exec”；('%(PreBuildEvent.Command)' != '')计算为('' != '')。
     1>已完成在项目“PrintDrivers.vcxproj”中生成目标“PreBuildEvent”的操作。
       由于条件的计算结果为 false，已跳过目标“CustomBuild”；('@(CustomBuild)' != '')的计算结果为('' != '')。
       由于条件的计算结果为 false，已跳过目标“FxExport”；('@(FxCompile)' != '')的计算结果为('' != '')。
       由于条件的计算结果为 false，已跳过目标“FxCompile”；('@(FxCompile)' != '')的计算结果为('' != '')。
       由于条件的计算结果为 false，已跳过目标“Xsd”；('@(Xsd)' != '')的计算结果为('' != '')。
     1>来自项目“C:\Users\chrisyjluo\Documents\Visual Studio 2015\Projects\PrintDrivers\PrintDrivers\PrintDrivers.vcxproj”的文件“C:\Program Files (x86)\MSBuild\Microsoft.Cpp\v4.0\V140\Microsoft.CppBuild.targets”中的目标“_Xsd”(目标“_BuildGenerateSourcesAction”依赖于它):
     1>已完成在项目“PrintDrivers.vcxproj”中生成目标“_Xsd”的操作。
     1>来自项目“C:\Users\chrisyjluo\Documents\Visual Studio 2015\Projects\PrintDrivers\PrintDrivers\PrintDrivers.vcxproj”的文件“C:\Program Files (x86)\MSBuild\Microsoft.Cpp\v4.0\V140\Microsoft.CppBuild.targets”中的目标“MakeDirsForMidl”(目标“_Midl”依赖于它):
       任务“Makedir”
       已完成执行任务“Makedir”的操作。
     1>已完成在项目“PrintDrivers.vcxproj”中生成目标“MakeDirsForMidl”的操作。
       由于条件的计算结果为 false，已跳过目标“Midl”；('@(Midl)' != '')的计算结果为('' != '')。
       由于条件的计算结果为 false，已跳过目标“CustomBuild”；('@(CustomBuild)' != '')的计算结果为('' != '')。
       由于条件的计算结果为 false，已跳过目标“FxExport”；('@(FxCompile)' != '')的计算结果为('' != '')。
       由于条件的计算结果为 false，已跳过目标“FxCompile”；('@(FxCompile)' != '')的计算结果为('' != '')。
     1>来自项目“C:\Users\chrisyjluo\Documents\Visual Studio 2015\Projects\PrintDrivers\PrintDrivers\PrintDrivers.vcxproj”的文件“C:\Program Files (x86)\MSBuild\Microsoft.Cpp\v4.0\V140\Microsoft.CppBuild.targets”中的目标“ComputeMIDLGeneratedCompileInputs”(目标“_Midl”依赖于它):
     1>已完成在项目“PrintDrivers.vcxproj”中生成目标“ComputeMIDLGeneratedCompileInputs”的操作。
     1>来自项目“C:\Users\chrisyjluo\Documents\Visual Studio 2015\Projects\PrintDrivers\PrintDrivers\PrintDrivers.vcxproj”的文件“C:\Program Files (x86)\MSBuild\Microsoft.Cpp\v4.0\V140\Microsoft.CppBuild.targets”中的目标“AfterMidl”(目标“_Midl”依赖于它):
     1>已完成在项目“PrintDrivers.vcxproj”中生成目标“AfterMidl”的操作。
     1>来自项目“C:\Users\chrisyjluo\Documents\Visual Studio 2015\Projects\PrintDrivers\PrintDrivers\PrintDrivers.vcxproj”的文件“C:\Program Files (x86)\MSBuild\Microsoft.Cpp\v4.0\V140\Microsoft.CppBuild.targets”中的目标“_Midl”(目标“_BuildGenerateSourcesAction”依赖于它):
     1>已完成在项目“PrintDrivers.vcxproj”中生成目标“_Midl”的操作。
     1>来自项目“C:\Users\chrisyjluo\Documents\Visual Studio 2015\Projects\PrintDrivers\PrintDrivers\PrintDrivers.vcxproj”的文件“C:\Program Files (x86)\MSBuild\Microsoft.Cpp\v4.0\V140\Microsoft.BuildSteps.Targets”中的目标“AfterBuildGenerateSources”(目标“_BuildGenerateSourcesAction”依赖于它):
     1>已完成在项目“PrintDrivers.vcxproj”中生成目标“AfterBuildGenerateSources”的操作。
     1>来自项目“C:\Users\chrisyjluo\Documents\Visual Studio 2015\Projects\PrintDrivers\PrintDrivers\PrintDrivers.vcxproj”的文件“C:\Program Files (x86)\MSBuild\Microsoft.Cpp\v4.0\V140\Microsoft.CppBuild.targets”中的目标“AfterBuildGenerateSourcesEvent”(目标“_BuildGenerateSourcesAction”依赖于它):
     1>已完成在项目“PrintDrivers.vcxproj”中生成目标“AfterBuildGenerateSourcesEvent”的操作。
     1>来自项目“C:\Users\chrisyjluo\Documents\Visual Studio 2015\Projects\PrintDrivers\PrintDrivers\PrintDrivers.vcxproj”的文件“C:\Program Files (x86)\MSBuild\Microsoft.Cpp\v4.0\V140\Microsoft.CppBuild.targets”中的目标“_BuildGenerateSourcesAction”(目标“BuildGenerateSources”依赖于它):
     1>已完成在项目“PrintDrivers.vcxproj”中生成目标“_BuildGenerateSourcesAction”的操作。
     1>来自项目“C:\Users\chrisyjluo\Documents\Visual Studio 2015\Projects\PrintDrivers\PrintDrivers\PrintDrivers.vcxproj”的文件“C:\Program Files (x86)\MSBuild\14.0\bin\Microsoft.Common.CurrentVersion.targets”中的目标“BuildGenerateSources”(目标“Build”依赖于它):
     1>已完成在项目“PrintDrivers.vcxproj”中生成目标“BuildGenerateSources”的操作。
       已跳过目标“AssignProjectConfiguration”。以前的生成已成功。
       已跳过目标“_SplitProjectReferencesByFileExistence”。以前的生成已成功。
     1>来自项目“C:\Users\chrisyjluo\Documents\Visual Studio 2015\Projects\PrintDrivers\PrintDrivers\PrintDrivers.vcxproj”的文件“C:\Program Files (x86)\MSBuild\14.0\bin\Microsoft.Common.CurrentVersion.targets”中的目标“BuildCompileTraverse”(目标“BuildCompile”依赖于它):
       由于 false 条件，已跳过任务“MSBuild”；('$(BuildPassReferences)' == 'true' and '@(ProjectReferenceWithConfiguration)' != '' and '@(_MSBuildProjectReferenceExistent)' != ''  and '%(_MSBuildProjectReferenceExistent.BuildReference)' == 'true')计算为('' == 'true' and '' != '' and '' != ''  and '' == 'true')。
     1>已完成在项目“PrintDrivers.vcxproj”中生成目标“BuildCompileTraverse”的操作。
       已跳过目标“PrepareForBuild”。以前的生成已成功。
       已跳过目标“ResolveReferences”。以前的生成已成功。
     1>来自项目“C:\Users\chrisyjluo\Documents\Visual Studio 2015\Projects\PrintDrivers\PrintDrivers\PrintDrivers.vcxproj”的文件“C:\Program Files (x86)\MSBuild\Microsoft.Cpp\v4.0\V140\Platforms\Win32\PlatformToolsets\v140_xp\Toolset.targets”中的目标“NoSupportCodeAnalysisXP”(目标“_ClCompile”依赖于它):
       由于 false 条件，已跳过任务“VCMessage”；('$(DesignTimeBuild)' != 'true' and '@(ClCompile->AnyHaveMetadataValue('EnablePREfast', 'true'))'=='true')计算为('' != 'true' and 'false'=='true')。
     1>已完成在项目“PrintDrivers.vcxproj”中生成目标“NoSupportCodeAnalysisXP”的操作。
     1>来自项目“C:\Users\chrisyjluo\Documents\Visual Studio 2015\Projects\PrintDrivers\PrintDrivers\PrintDrivers.vcxproj”的文件“C:\Program Files (x86)\MSBuild\Microsoft.Cpp\v4.0\V140\Microsoft.CppBuild.targets”中的目标“BeforeClCompile”(目标“_ClCompile”依赖于它):
     1>已完成在项目“PrintDrivers.vcxproj”中生成目标“BeforeClCompile”的操作。
       已跳过目标“ComputeMIDLGeneratedCompileInputs”。以前的生成已成功。
     1>来自项目“C:\Users\chrisyjluo\Documents\Visual Studio 2015\Projects\PrintDrivers\PrintDrivers\PrintDrivers.vcxproj”的文件“C:\Program Files (x86)\MSBuild\Microsoft.Cpp\v4.0\V140\Microsoft.CppBuild.targets”中的目标“ComputeCLInputPDBName”(目标“_ClCompile”依赖于它):
     1>已完成在项目“PrintDrivers.vcxproj”中生成目标“ComputeCLInputPDBName”的操作。
       已跳过目标“ResolveReferences”。以前的生成已成功。
     1>来自项目“C:\Users\chrisyjluo\Documents\Visual Studio 2015\Projects\PrintDrivers\PrintDrivers\PrintDrivers.vcxproj”的文件“C:\Program Files (x86)\MSBuild\Microsoft.Cpp\v4.0\V140\Microsoft.CppBuild.targets”中的目标“ComputeReferenceCLInput”(目标“_ClCompile”依赖于它):
       由于 false 条件，已跳过任务“WriteLinesToFile”；(('@(_ReferenceCopyLocalPaths)'!='') and '$(DesignTimeBuild)' != 'true')计算为((''!='') and '' != 'true')。
       由于 false 条件，已跳过任务“Message”；('$(_REFERENCE_DEBUG)'=='true')计算为(''=='true')。
     1>已完成在项目“PrintDrivers.vcxproj”中生成目标“ComputeReferenceCLInput”的操作。
     1>来自项目“C:\Users\chrisyjluo\Documents\Visual Studio 2015\Projects\PrintDrivers\PrintDrivers\PrintDrivers.vcxproj”的文件“C:\Program Files (x86)\MSBuild\Microsoft.Cpp\v4.0\V140\Microsoft.CppBuild.targets”中的目标“WarnCompileDuplicatedFilename”(目标“_ClCompile”依赖于它):
       由于 false 条件，已跳过任务“VCMessage”；('%(ClCompile.ExcludedFromBuild)' != 'true' and '%(Filename)%(Extension)' != '@(ClCompile->'%(Filename)%(Extension)')' and '%(ObjectFileName)' == '@(ClCompile->Metadata(ObjectFileName)->Distinct())')计算为('' != 'true' and 'PrintDrivers.cpp' != 'PrintDrivers.cpp' and 'Debug\' == 'Debug\')。
       由于 false 条件，已跳过任务“VCMessage”；('%(ClCompile.ExcludedFromBuild)' != 'true' and '%(Filename)%(Extension)' != '@(ClCompile->'%(Filename)%(Extension)')' and '%(ObjectFileName)' == '@(ClCompile->Metadata(ObjectFileName)->Distinct())')计算为('' != 'true' and 'stdafx.cpp' != 'stdafx.cpp' and 'Debug\' == 'Debug\')。
     1>已完成在项目“PrintDrivers.vcxproj”中生成目标“WarnCompileDuplicatedFilename”的操作。
     1>来自项目“C:\Users\chrisyjluo\Documents\Visual Studio 2015\Projects\PrintDrivers\PrintDrivers\PrintDrivers.vcxproj”的文件“C:\Program Files (x86)\MSBuild\Microsoft.Cpp\v4.0\V140\Microsoft.CppCommon.targets”中的目标“FixupCLCompileOptions”(目标“_ClCompile”依赖于它):
     1>已完成在项目“PrintDrivers.vcxproj”中生成目标“FixupCLCompileOptions”的操作。
     1>来自项目“C:\Users\chrisyjluo\Documents\Visual Studio 2015\Projects\PrintDrivers\PrintDrivers\PrintDrivers.vcxproj”的文件“C:\Program Files (x86)\MSBuild\Microsoft.Cpp\v4.0\V140\Microsoft.CppBuild.targets”中的目标“MakeDirsForCl”(目标“_ClCompile”依赖于它):
       任务“MakeDir”
       已完成执行任务“MakeDir”的操作。
     1>已完成在项目“PrintDrivers.vcxproj”中生成目标“MakeDirsForCl”的操作。
       已跳过目标“PrepareForBuild”。以前的生成已成功。
       已跳过目标“SetBuildDefaultEnvironmentVariables”。以前的生成已成功。
       由于条件的计算结果为 false，已跳过目标“SetUserMacroEnvironmentVariables”；('@(BuildMacro)' != '' and '$(DesignTimeBuild)' != 'true')的计算结果为('' != '' and '' != 'true')。
     1>来自项目“C:\Users\chrisyjluo\Documents\Visual Studio 2015\Projects\PrintDrivers\PrintDrivers\PrintDrivers.vcxproj”的文件“C:\Program Files (x86)\MSBuild\Microsoft.Cpp\v4.0\V140\Microsoft.CppBuild.targets”中的目标“_SelectedFiles”(目标“SelectClCompile”依赖于它):
     1>已完成在项目“PrintDrivers.vcxproj”中生成目标“_SelectedFiles”的操作。
       已跳过目标“ComputeMIDLGeneratedCompileInputs”。以前的生成已成功。
       已跳过目标“ComputeCLInputPDBName”。以前的生成已成功。
       已跳过目标“ComputeReferenceCLInput”。以前的生成已成功。
       已跳过目标“WarnCompileDuplicatedFilename”。以前的生成已成功。
       已跳过目标“FixupCLCompileOptions”。以前的生成已成功。
       已跳过目标“_SelectedFiles”。以前的生成已成功。
     1>来自项目“C:\Users\chrisyjluo\Documents\Visual Studio 2015\Projects\PrintDrivers\PrintDrivers\PrintDrivers.vcxproj”的文件“C:\Program Files (x86)\MSBuild\Microsoft.Cpp\v4.0\V140\Microsoft.CppBuild.targets”中的目标“SelectCustomBuild”(目标“SelectClCompile”依赖于它):
     1>已完成在项目“PrintDrivers.vcxproj”中生成目标“SelectCustomBuild”的操作。
     1>来自项目“C:\Users\chrisyjluo\Documents\Visual Studio 2015\Projects\PrintDrivers\PrintDrivers\PrintDrivers.vcxproj”的文件“C:\Program Files (x86)\MSBuild\Microsoft.Cpp\v4.0\V140\Microsoft.CppBuild.targets”中的目标“SelectClCompile”(目标“ClCompile”依赖于它):
     1>已完成在项目“PrintDrivers.vcxproj”中生成目标“SelectClCompile”的操作。
       由于条件的计算结果为 false，已跳过目标“GenerateTargetFrameworkMonikerAttribute”；('$(GenerateTargetFrameworkAttribute)' == 'true')的计算结果为('false' == 'true')。
       由于条件的计算结果为 false，已跳过目标“ManagedIncrementalBuildPreProcessDependencyGraph”；('@(ClCompile)' != '' and '$(EnableManagedIncrementalBuild)' == 'True')的计算结果为('PrintDrivers.cpp;stdafx.cpp' != '' and 'false' == 'True')。
     1>来自项目“C:\Users\chrisyjluo\Documents\Visual Studio 2015\Projects\PrintDrivers\PrintDrivers\PrintDrivers.vcxproj”的文件“C:\Program Files (x86)\MSBuild\Microsoft.Cpp\v4.0\V140\Microsoft.CppCommon.targets”中的目标“ClCompile”(目标“_ClCompile”依赖于它):
       由于 false 条件，已跳过任务“Delete”；('%(ClCompile.DebugInformationFormat)' != '' and '%(ClCompile.DebugInformationFormat)' != 'None' and '%(ClCompile.DebugInformationFormat)' != 'OldStyle' and '%(ClCompile.ProgramDataBaseFileName)' != '' and !Exists(%(ClCompile.ProgramDataBaseFileName)))计算为('EditAndContinue' != '' and 'EditAndContinue' != 'None' and 'EditAndContinue' != 'OldStyle' and 'Debug\vc140.pdb' != '' and !Exists(Debug\vc140.pdb))。
       由于 false 条件，已跳过任务“CL”；('%(ClCompile.PrecompiledHeader)' == 'Create' and '%(ClCompile.ExcludedFromBuild)'!='true' and '%(ClCompile.CompilerIteration)' == '')计算为('Use' == 'Create' and ''!='true' and '' == '')。
       正在使用程序集“C:\Program Files (x86)\MSBuild\Microsoft.Cpp\v4.0\V140\Microsoft.Build.CppTasks.Common.dll”中的“CL”任务。
       任务“CL”
         读取跟踪日志:
         	Debug\PrintDrivers.tlog\CL.read.1.tlog
         C:\USERS\CHRISYJLUO\DOCUMENTS\VISUAL STUDIO 2015\PROJECTS\PRINTDRIVERS\PRINTDRIVERS\STDAFX.CPP 的输出:
         	C:\USERS\CHRISYJLUO\DOCUMENTS\VISUAL STUDIO 2015\PROJECTS\PRINTDRIVERS\PRINTDRIVERS\DEBUG\STDAFX.OBJ
         	C:\USERS\CHRISYJLUO\DOCUMENTS\VISUAL STUDIO 2015\PROJECTS\PRINTDRIVERS\PRINTDRIVERS\DEBUG\PRINTDRIVERS.PCH
         所有输出均为最新。
       已完成执行任务“CL”的操作。
       任务“CL”
         使用从以下项生成的缓存输入依赖关系表:
         	C:\Users\chrisyjluo\Documents\Visual Studio 2015\Projects\PrintDrivers\PrintDrivers\Debug\PrintDrivers.tlog\CL.read.1.tlog
         C:\USERS\CHRISYJLUO\DOCUMENTS\VISUAL STUDIO 2015\PROJECTS\PRINTDRIVERS\PRINTDRIVERS\PRINTDRIVERS.CPP 的输出:
         	C:\USERS\CHRISYJLUO\DOCUMENTS\VISUAL STUDIO 2015\PROJECTS\PRINTDRIVERS\PRINTDRIVERS\DEBUG\PRINTDRIVERS.OBJ
         将编译 PrintDrivers.cpp，因为在 2018/9/6 12:36:22 处修改了 C:\Users\chrisyjluo\Documents\Visual Studio 2015\Projects\PrintDrivers\PrintDrivers\PrintDrivers.cpp。
         传递给工具的环境变量为:
           VS_UNICODE_OUTPUT=1072
         C:\Program Files (x86)\Microsoft Visual Studio 14.0\VC\bin\CL.exe /c /ZI /nologo /W3 /WX- /sdl /Od /Oy- /D WIN32 /D _DEBUG /D _CONSOLE /D _USING_V110_SDK71_ /D _UNICODE /D UNICODE /Gm /EHsc /RTC1 /MDd /GS /fp:precise /Zc:wchar_t /Zc:forScope /Zc:inline /Yu"stdafx.h" /Fp"Debug\PrintDrivers.pch" /Fo"Debug\\" /Fd"Debug\vc140.pdb" /Gd /TP /analyze- /errorReport:prompt PrintDrivers.cpp
         Tracking command:
         C:\Program Files (x86)\MSBuild\14.0\bin\Tracker.exe /d "C:\Program Files (x86)\MSBuild\14.0\bin\FileTracker32.dll" /i "C:\Users\chrisyjluo\Documents\Visual Studio 2015\Projects\PrintDrivers\PrintDrivers\Debug\PrintDrivers.tlog" /r "C:\USERS\CHRISYJLUO\DOCUMENTS\VISUAL STUDIO 2015\PROJECTS\PRINTDRIVERS\PRINTDRIVERS\PRINTDRIVERS.CPP" /b MSBuildConsole_CancelEventbac85e5cedb845d6a601ef77401f59e0  /c "C:\Program Files (x86)\Microsoft Visual Studio 14.0\VC\bin\CL.exe"  /c /ZI /nologo /W3 /WX- /sdl /Od /Oy- /D WIN32 /D _DEBUG /D _CONSOLE /D _USING_V110_SDK71_ /D _UNICODE /D UNICODE /Gm /EHsc /RTC1 /MDd /GS /fp:precise /Zc:wchar_t /Zc:forScope /Zc:inline /Yu"stdafx.h" /Fp"Debug\PrintDrivers.pch" /Fo"Debug\\" /Fd"Debug\vc140.pdb" /Gd /TP /analyze- /errorReport:prompt PrintDrivers.cpp
         PrintDrivers.cpp
       已完成执行任务“CL”的操作。
       由于 false 条件，已跳过任务“CL”；('%(ClCompile.PrecompiledHeader)' != 'Create' and '%(ClCompile.ExcludedFromBuild)'!='true' and '%(ClCompile.CompilerIteration)' == '' and @(ClCompile) != '')计算为('Create' != 'Create' and ''!='true' and '' == '' and stdafx.cpp != '')。
     1>已完成在项目“PrintDrivers.vcxproj”中生成目标“ClCompile”的操作。
       由于条件的计算结果为 false，已跳过目标“ManagedIncrementalBuildPostProcessDependencyGraph”；('@(ClCompile)' != '' and '$(EnableManagedIncrementalBuild)' == 'True')的计算结果为('PrintDrivers.cpp;stdafx.cpp' != '' and 'false' == 'True')。
     1>来自项目“C:\Users\chrisyjluo\Documents\Visual Studio 2015\Projects\PrintDrivers\PrintDrivers\PrintDrivers.vcxproj”的文件“C:\Program Files (x86)\MSBuild\Microsoft.Cpp\v4.0\V140\Microsoft.CppBuild.targets”中的目标“AfterClCompile”(目标“_ClCompile”依赖于它):
     1>已完成在项目“PrintDrivers.vcxproj”中生成目标“AfterClCompile”的操作。
     1>来自项目“C:\Users\chrisyjluo\Documents\Visual Studio 2015\Projects\PrintDrivers\PrintDrivers\PrintDrivers.vcxproj”的文件“C:\Program Files (x86)\MSBuild\Microsoft.Cpp\v4.0\V140\Microsoft.CppBuild.targets”中的目标“_ClCompile”(目标“_BuildCompileAction”依赖于它):
     1>已完成在项目“PrintDrivers.vcxproj”中生成目标“_ClCompile”的操作。
       由于条件的计算结果为 false，已跳过目标“_ResGen”；('@(EmbeddedResource)'!='')的计算结果为(''!='')。
     1>来自项目“C:\Users\chrisyjluo\Documents\Visual Studio 2015\Projects\PrintDrivers\PrintDrivers\PrintDrivers.vcxproj”的文件“C:\Program Files (x86)\MSBuild\Microsoft.Cpp\v4.0\V140\Microsoft.CppBuild.targets”中的目标“BeforeResourceCompile”(目标“_ResourceCompile”依赖于它):
     1>已完成在项目“PrintDrivers.vcxproj”中生成目标“BeforeResourceCompile”的操作。
     1>来自项目“C:\Users\chrisyjluo\Documents\Visual Studio 2015\Projects\PrintDrivers\PrintDrivers\PrintDrivers.vcxproj”的文件“C:\Program Files (x86)\MSBuild\Microsoft.Cpp\v4.0\V140\Microsoft.CppBuild.targets”中的目标“MakeDirsForResourceCompile”(目标“_ResourceCompile”依赖于它):
       任务“MakeDir”
       已完成执行任务“MakeDir”的操作。
     1>已完成在项目“PrintDrivers.vcxproj”中生成目标“MakeDirsForResourceCompile”的操作。
       由于条件的计算结果为 false，已跳过目标“ResourceCompile”；('@(ResourceCompile)' != '')的计算结果为('' != '')。
     1>来自项目“C:\Users\chrisyjluo\Documents\Visual Studio 2015\Projects\PrintDrivers\PrintDrivers\PrintDrivers.vcxproj”的文件“C:\Program Files (x86)\MSBuild\Microsoft.Cpp\v4.0\V140\Microsoft.CppBuild.targets”中的目标“AfterResourceCompile”(目标“_ResourceCompile”依赖于它):
     1>已完成在项目“PrintDrivers.vcxproj”中生成目标“AfterResourceCompile”的操作。
     1>来自项目“C:\Users\chrisyjluo\Documents\Visual Studio 2015\Projects\PrintDrivers\PrintDrivers\PrintDrivers.vcxproj”的文件“C:\Program Files (x86)\MSBuild\Microsoft.Cpp\v4.0\V140\Microsoft.CppBuild.targets”中的目标“_ResourceCompile”(目标“_BuildCompileAction”依赖于它):
     1>已完成在项目“PrintDrivers.vcxproj”中生成目标“_ResourceCompile”的操作。
       由于条件的计算结果为 false，已跳过目标“_ImpLib”；('$(ImpLibCompiled)' == 'true')的计算结果为('' == 'true')。
       由于条件的计算结果为 false，已跳过目标“_Lib”；('$(LibCompiled)' == 'true')的计算结果为('' == 'true')。
     1>来自项目“C:\Users\chrisyjluo\Documents\Visual Studio 2015\Projects\PrintDrivers\PrintDrivers\PrintDrivers.vcxproj”的文件“C:\Program Files (x86)\MSBuild\Microsoft.Cpp\v4.0\V140\Microsoft.CppBuild.targets”中的目标“AfterBuildCompileEvent”(目标“_BuildCompileAction”依赖于它):
     1>已完成在项目“PrintDrivers.vcxproj”中生成目标“AfterBuildCompileEvent”的操作。
     1>来自项目“C:\Users\chrisyjluo\Documents\Visual Studio 2015\Projects\PrintDrivers\PrintDrivers\PrintDrivers.vcxproj”的文件“C:\Program Files (x86)\MSBuild\Microsoft.Cpp\v4.0\V140\Microsoft.CppBuild.targets”中的目标“_BuildCompileAction”(目标“BuildCompile”依赖于它):
     1>已完成在项目“PrintDrivers.vcxproj”中生成目标“_BuildCompileAction”的操作。
     1>来自项目“C:\Users\chrisyjluo\Documents\Visual Studio 2015\Projects\PrintDrivers\PrintDrivers\PrintDrivers.vcxproj”的文件“C:\Program Files (x86)\MSBuild\14.0\bin\Microsoft.Common.CurrentVersion.targets”中的目标“BuildCompile”(目标“Build”依赖于它):
     1>已完成在项目“PrintDrivers.vcxproj”中生成目标“BuildCompile”的操作。
       已跳过目标“AssignProjectConfiguration”。以前的生成已成功。
       已跳过目标“_SplitProjectReferencesByFileExistence”。以前的生成已成功。
     1>来自项目“C:\Users\chrisyjluo\Documents\Visual Studio 2015\Projects\PrintDrivers\PrintDrivers\PrintDrivers.vcxproj”的文件“C:\Program Files (x86)\MSBuild\14.0\bin\Microsoft.Common.CurrentVersion.targets”中的目标“BuildLinkTraverse”(目标“BuildLink”依赖于它):
       由于 false 条件，已跳过任务“MSBuild”；('$(BuildPassReferences)' == 'true' and '@(ProjectReferenceWithConfiguration)' != '' and '@(_MSBuildProjectReferenceExistent)' != ''  and '%(_MSBuildProjectReferenceExistent.BuildReference)' == 'true')计算为('' == 'true' and '' != '' and '' != ''  and '' == 'true')。
     1>已完成在项目“PrintDrivers.vcxproj”中生成目标“BuildLinkTraverse”的操作。
       已跳过目标“PrepareForBuild”。以前的生成已成功。
       已跳过目标“ResolveReferences”。以前的生成已成功。
     1>来自项目“C:\Users\chrisyjluo\Documents\Visual Studio 2015\Projects\PrintDrivers\PrintDrivers\PrintDrivers.vcxproj”的文件“C:\Program Files (x86)\MSBuild\Microsoft.Cpp\v4.0\V140\Microsoft.CppBuild.targets”中的目标“ComputeLegacyManifestEmbedding”(目标“_BuildLinkAction”依赖于它):
       由于 false 条件，已跳过任务“VCMessage”；('$(RevertManifestEmbedding)' == 'true' and '$(_LegacyManifestEmbeddingDebug)' == 'true')计算为('' == 'true' and '' == 'true')。
     1>已完成在项目“PrintDrivers.vcxproj”中生成目标“ComputeLegacyManifestEmbedding”的操作。
     1>来自项目“C:\Users\chrisyjluo\Documents\Visual Studio 2015\Projects\PrintDrivers\PrintDrivers\PrintDrivers.vcxproj”的文件“C:\Program Files (x86)\MSBuild\Microsoft.Cpp\v4.0\V140\Microsoft.CppBuild.targets”中的目标“BeforeLink”(目标“_Link”依赖于它):
     1>已完成在项目“PrintDrivers.vcxproj”中生成目标“BeforeLink”的操作。
     1>来自项目“C:\Users\chrisyjluo\Documents\Visual Studio 2015\Projects\PrintDrivers\PrintDrivers\PrintDrivers.vcxproj”的文件“C:\Program Files (x86)\MSBuild\Microsoft.Cpp\v4.0\V140\Microsoft.CppBuild.targets”中的目标“ComputeRCOutputs”(目标“ComputeRCGeneratedLinkInputs”依赖于它):
     1>已完成在项目“PrintDrivers.vcxproj”中生成目标“ComputeRCOutputs”的操作。
     1>来自项目“C:\Users\chrisyjluo\Documents\Visual Studio 2015\Projects\PrintDrivers\PrintDrivers\PrintDrivers.vcxproj”的文件“C:\Program Files (x86)\MSBuild\Microsoft.Cpp\v4.0\V140\Microsoft.CppBuild.targets”中的目标“ComputeRCGeneratedLinkInputs”(目标“_Link”依赖于它):
     1>已完成在项目“PrintDrivers.vcxproj”中生成目标“ComputeRCGeneratedLinkInputs”的操作。
     1>来自项目“C:\Users\chrisyjluo\Documents\Visual Studio 2015\Projects\PrintDrivers\PrintDrivers\PrintDrivers.vcxproj”的文件“C:\Program Files (x86)\MSBuild\Microsoft.Cpp\v4.0\V140\Microsoft.CppBuild.targets”中的目标“ComputeManifestGeneratedLinkerInputs”(目标“_Link”依赖于它):
     1>已完成在项目“PrintDrivers.vcxproj”中生成目标“ComputeManifestGeneratedLinkerInputs”的操作。
     1>来自项目“C:\Users\chrisyjluo\Documents\Visual Studio 2015\Projects\PrintDrivers\PrintDrivers\PrintDrivers.vcxproj”的文件“C:\Program Files (x86)\MSBuild\Microsoft.Cpp\v4.0\V140\Microsoft.CppBuild.targets”中的目标“ComputeCustomBuildOutput”(目标“_Link”依赖于它):
       由于 false 条件，已跳过任务“CreateItem”；('%(CustomBuildDirsToMake.OutputFileToTool)'!='')计算为(''!='')。
       任务“MakeDir”
       已完成执行任务“MakeDir”的操作。
     1>已完成在项目“PrintDrivers.vcxproj”中生成目标“ComputeCustomBuildOutput”的操作。
       已跳过目标“ComputeMIDLGeneratedCompileInputs”。以前的生成已成功。
       已跳过目标“ComputeCLInputPDBName”。以前的生成已成功。
       已跳过目标“ComputeReferenceCLInput”。以前的生成已成功。
       已跳过目标“WarnCompileDuplicatedFilename”。以前的生成已成功。
       已跳过目标“FixupCLCompileOptions”。以前的生成已成功。
     1>来自项目“C:\Users\chrisyjluo\Documents\Visual Studio 2015\Projects\PrintDrivers\PrintDrivers\PrintDrivers.vcxproj”的文件“C:\Program Files (x86)\MSBuild\Microsoft.Cpp\v4.0\V140\Microsoft.CppBuild.targets”中的目标“ComputeCLOutputs”(目标“ComputeCLGeneratedLinkInputs”依赖于它):
     1>已完成在项目“PrintDrivers.vcxproj”中生成目标“ComputeCLOutputs”的操作。
     1>来自项目“C:\Users\chrisyjluo\Documents\Visual Studio 2015\Projects\PrintDrivers\PrintDrivers\PrintDrivers.vcxproj”的文件“C:\Program Files (x86)\MSBuild\Microsoft.Cpp\v4.0\V140\Microsoft.CppBuild.targets”中的目标“ComputeCLGeneratedLinkInputs”(目标“_Link”依赖于它):
     1>已完成在项目“PrintDrivers.vcxproj”中生成目标“ComputeCLGeneratedLinkInputs”的操作。
     1>来自项目“C:\Users\chrisyjluo\Documents\Visual Studio 2015\Projects\PrintDrivers\PrintDrivers\PrintDrivers.vcxproj”的文件“C:\Program Files (x86)\MSBuild\Microsoft.Cpp\v4.0\V140\Microsoft.CppBuild.targets”中的目标“ComputeLinkInputsFromProject”(目标“_Link”依赖于它):
     1>已完成在项目“PrintDrivers.vcxproj”中生成目标“ComputeLinkInputsFromProject”的操作。
       由于条件的计算结果为 false，已跳过目标“ComputeReferenceLinkInputs”；(@(ProjectReference) != '')的计算结果为( != '')。
     1>来自项目“C:\Users\chrisyjluo\Documents\Visual Studio 2015\Projects\PrintDrivers\PrintDrivers\PrintDrivers.vcxproj”的文件“C:\Program Files (x86)\MSBuild\Microsoft.Cpp\v4.0\V140\Microsoft.CppBuild.targets”中的目标“ComputeManifestInputsTargets”(目标“_Link”依赖于它):
     1>已完成在项目“PrintDrivers.vcxproj”中生成目标“ComputeManifestInputsTargets”的操作。
       由于条件的计算结果为 false，已跳过目标“ManifestResourceCompile”；('$(EmbedManifestBy)' == 'LINK' and '@(Manifest)' != '')的计算结果为('LINK' == 'LINK' and '' != '')。
       由于条件的计算结果为 false，已跳过目标“AssignWinFXEmbeddedResource”；('@(WinFXEmbeddedResource)' != '')的计算结果为('' != '')。
     1>来自项目“C:\Users\chrisyjluo\Documents\Visual Studio 2015\Projects\PrintDrivers\PrintDrivers\PrintDrivers.vcxproj”的文件“C:\Program Files (x86)\MSBuild\14.0\bin\Microsoft.Common.CurrentVersion.targets”中的目标“AssignTargetPaths”(目标“PrepareResourceNames”依赖于它):
       正在使用程序集“Microsoft.Build.Tasks.Core, Version=14.0.0.0, Culture=neutral, PublicKeyToken=b03f5f7f11d50a3a”中的“AssignTargetPath”任务。
       任务“AssignTargetPath”
       已完成执行任务“AssignTargetPath”的操作。
       任务“AssignTargetPath”
       已完成执行任务“AssignTargetPath”的操作。
       任务“AssignTargetPath”
       已完成执行任务“AssignTargetPath”的操作。
       任务“AssignTargetPath”
       已完成执行任务“AssignTargetPath”的操作。
       由于 false 条件，已跳过任务“AssignTargetPath”；('@(_DeploymentBaseManifestWithTargetPath)'=='' and '%(None.Extension)'=='.manifest')计算为(''=='' and ''=='.manifest')。
     1>已完成在项目“PrintDrivers.vcxproj”中生成目标“AssignTargetPaths”的操作。
       已跳过目标“AssignTargetPaths”。以前的生成已成功。
     1>来自项目“C:\Users\chrisyjluo\Documents\Visual Studio 2015\Projects\PrintDrivers\PrintDrivers\PrintDrivers.vcxproj”的文件“C:\Program Files (x86)\MSBuild\14.0\bin\Microsoft.Common.CurrentVersion.targets”中的目标“SplitResourcesByCulture”(目标“PrepareResourceNames”依赖于它):
       由于 false 条件，已跳过任务“Warning”；('@(ResxWithNoCulture)'!='')计算为(''!='')。
       由于 false 条件，已跳过任务“Warning”；('@(ResxWithCulture)'!='')计算为(''!='')。
       由于 false 条件，已跳过任务“Warning”；('@(NonResxWithCulture)'!='')计算为(''!='')。
       由于 false 条件，已跳过任务“Warning”；('@(NonResxWithNoCulture)'!='')计算为(''!='')。
       正在使用程序集“Microsoft.Build.Tasks.Core, Version=14.0.0.0, Culture=neutral, PublicKeyToken=b03f5f7f11d50a3a”中的“AssignCulture”任务。
       任务“AssignCulture”
       已完成执行任务“AssignCulture”的操作。
     1>已完成在项目“PrintDrivers.vcxproj”中生成目标“SplitResourcesByCulture”的操作。
       由于条件的计算结果为 false，已跳过目标“CreateManifestResourceNames”；('@(EmbeddedResource)' != '')的计算结果为('' != '')。
     1>来自项目“C:\Users\chrisyjluo\Documents\Visual Studio 2015\Projects\PrintDrivers\PrintDrivers\PrintDrivers.vcxproj”的文件“C:\Program Files (x86)\MSBuild\14.0\bin\Microsoft.Common.CurrentVersion.targets”中的目标“CreateCustomManifestResourceNames”(目标“PrepareResourceNames”依赖于它):
     1>已完成在项目“PrintDrivers.vcxproj”中生成目标“CreateCustomManifestResourceNames”的操作。
     1>来自项目“C:\Users\chrisyjluo\Documents\Visual Studio 2015\Projects\PrintDrivers\PrintDrivers\PrintDrivers.vcxproj”的文件“C:\Program Files (x86)\MSBuild\14.0\bin\Microsoft.Common.CurrentVersion.targets”中的目标“PrepareResourceNames”(目标“_Link”依赖于它):
     1>已完成在项目“PrintDrivers.vcxproj”中生成目标“PrepareResourceNames”的操作。
     1>来自项目“C:\Users\chrisyjluo\Documents\Visual Studio 2015\Projects\PrintDrivers\PrintDrivers\PrintDrivers.vcxproj”的文件“C:\Program Files (x86)\MSBuild\Microsoft.Cpp\v4.0\V140\Microsoft.CppBuild.targets”中的目标“MakeDirsForLink”(目标“_Link”依赖于它):
       任务“MakeDir”
       已完成执行任务“MakeDir”的操作。
     1>已完成在项目“PrintDrivers.vcxproj”中生成目标“MakeDirsForLink”的操作。
     1>来自项目“C:\Users\chrisyjluo\Documents\Visual Studio 2015\Projects\PrintDrivers\PrintDrivers\PrintDrivers.vcxproj”的文件“C:\Program Files (x86)\MSBuild\Microsoft.Cpp\v4.0\V140\Microsoft.CppBuild.targets”中的目标“DoLinkOutputFilesMatch”(目标“_Link”依赖于它):
       由于 false 条件，已跳过任务“VCMessage”；('@(_OutputFileFromLink)' == '')计算为('C:\Users\chrisyjluo\Documents\Visual Studio 2015\Projects\PrintDrivers\Debug\PrintDrivers.exe' == '')。
       由于 false 条件，已跳过任务“VCMessage”；('@(_OutputFileFromLink)' != '' and '%(_OutputFileFromLink.FullPath)' != '$([System.IO.Path]::GetFullPath($(TargetPath)))')计算为('C:\Users\chrisyjluo\Documents\Visual Studio 2015\Projects\PrintDrivers\Debug\PrintDrivers.exe' != '' and 'C:\Users\chrisyjluo\Documents\Visual Studio 2015\Projects\PrintDrivers\Debug\PrintDrivers.exe' != 'C:\Users\chrisyjluo\Documents\Visual Studio 2015\Projects\PrintDrivers\Debug\PrintDrivers.exe')。
       由于 false 条件，已跳过任务“VCMessage”；('@(_OutputFileFromLink)' != '' and '%(_OutputFileFromLink.Extension)' != '' and '%(_OutputFileFromLink.Extension)' != '$(TargetExt)')计算为('C:\Users\chrisyjluo\Documents\Visual Studio 2015\Projects\PrintDrivers\Debug\PrintDrivers.exe' != '' and '.exe' != '' and '.exe' != '.exe')。
       由于 false 条件，已跳过任务“VCMessage”；('@(_OutputFileFromLink)' != '' and '%(_OutputFileFromLink.Filename)' != '' and '%(_OutputFileFromLink.Filename)' != '$(TargetName)')计算为('C:\Users\chrisyjluo\Documents\Visual Studio 2015\Projects\PrintDrivers\Debug\PrintDrivers.exe' != '' and 'PrintDrivers' != '' and 'PrintDrivers' != 'PrintDrivers')。
       由于 false 条件，已跳过任务“VCMessage”；('%(Link.MinimumRequiredVersion)' != '' and ('%(Link.Subsystem)' == '' or '%(Link.Subsystem)' == 'NotSet'))计算为('5.01' != '' and ('Console' == '' or 'Console' == 'NotSet'))。
     1>已完成在项目“PrintDrivers.vcxproj”中生成目标“DoLinkOutputFilesMatch”的操作。
     1>来自项目“C:\Users\chrisyjluo\Documents\Visual Studio 2015\Projects\PrintDrivers\PrintDrivers\PrintDrivers.vcxproj”的文件“C:\Program Files (x86)\MSBuild\Microsoft.Cpp\v4.0\V140\Microsoft.CppCommon.targets”中的目标“PreLinkEvent”(目标“_Link”依赖于它):
       由于 false 条件，已跳过任务“Message”；('%(PreLinkEvent.Message)' != '' and '%(PreLinkEvent.Command)' != '')计算为('' != '' and '' != '')。
       由于 false 条件，已跳过任务“Exec”；('%(PreLinkEvent.Command)' != '')计算为('' != '')。
     1>已完成在项目“PrintDrivers.vcxproj”中生成目标“PreLinkEvent”的操作。
     1>来自项目“C:\Users\chrisyjluo\Documents\Visual Studio 2015\Projects\PrintDrivers\PrintDrivers\PrintDrivers.vcxproj”的文件“C:\Program Files (x86)\MSBuild\Microsoft.Cpp\v4.0\V140\Microsoft.CppCommon.targets”中的目标“ComputeLinkSwitches”(目标“Link”依赖于它):
     1>已完成在项目“PrintDrivers.vcxproj”中生成目标“ComputeLinkSwitches”的操作。
     1>来自项目“C:\Users\chrisyjluo\Documents\Visual Studio 2015\Projects\PrintDrivers\PrintDrivers\PrintDrivers.vcxproj”的文件“C:\Program Files (x86)\MSBuild\Microsoft.Cpp\v4.0\V140\Microsoft.CppCommon.targets”中的目标“Link”(目标“_Link”依赖于它):
       正在使用程序集“C:\Program Files (x86)\MSBuild\Microsoft.Cpp\v4.0\V140\Microsoft.Build.CppTasks.Common.dll”中的“Link”任务。
       任务“Link”
         写入跟踪日志:
         	Debug\PrintDrivers.tlog\link.write.1.tlog
         读取跟踪日志:
         	Debug\PrintDrivers.tlog\link.read.1.tlog
         C:\USERS\CHRISYJLUO\DOCUMENTS\VISUAL STUDIO 2015\PROJECTS\PRINTDRIVERS\PRINTDRIVERS\DEBUG\PRINTDRIVERS.OBJ|C:\USERS\CHRISYJLUO\DOCUMENTS\VISUAL STUDIO 2015\PROJECTS\PRINTDRIVERS\PRINTDRIVERS\DEBUG\STDAFX.OBJ 的输出:
         	C:\USERS\CHRISYJLUO\DOCUMENTS\VISUAL STUDIO 2015\PROJECTS\PRINTDRIVERS\DEBUG\PRINTDRIVERS.ILK
         	C:\USERS\CHRISYJLUO\DOCUMENTS\VISUAL STUDIO 2015\PROJECTS\PRINTDRIVERS\DEBUG\PRINTDRIVERS.EXE
         	C:\USERS\CHRISYJLUO\DOCUMENTS\VISUAL STUDIO 2015\PROJECTS\PRINTDRIVERS\DEBUG\PRINTDRIVERS.PDB
         C:\USERS\CHRISYJLUO\DOCUMENTS\VISUAL STUDIO 2015\PROJECTS\PRINTDRIVERS\PRINTDRIVERS\DEBUG\PRINTDRIVERS.OBJ|C:\USERS\CHRISYJLUO\DOCUMENTS\VISUAL STUDIO 2015\PROJECTS\PRINTDRIVERS\PRINTDRIVERS\DEBUG\STDAFX.OBJ 的输入:
         	C:\WINDOWS\GLOBALIZATION\SORTING\SORTDEFAULT.NLS
         	C:\PROGRAM FILES (X86)\MICROSOFT SDKS\WINDOWS\V7.1A\LIB\SHLWAPI.LIB
         	C:\PROGRAM FILES (X86)\MICROSOFT SDKS\WINDOWS\V7.1A\LIB\KERNEL32.LIB
         	C:\PROGRAM FILES (X86)\MICROSOFT SDKS\WINDOWS\V7.1A\LIB\USER32.LIB
         	C:\PROGRAM FILES (X86)\MICROSOFT SDKS\WINDOWS\V7.1A\LIB\GDI32.LIB
         	C:\PROGRAM FILES (X86)\MICROSOFT SDKS\WINDOWS\V7.1A\LIB\WINSPOOL.LIB
         	C:\PROGRAM FILES (X86)\MICROSOFT SDKS\WINDOWS\V7.1A\LIB\COMDLG32.LIB
         	C:\PROGRAM FILES (X86)\MICROSOFT SDKS\WINDOWS\V7.1A\LIB\ADVAPI32.LIB
         	C:\PROGRAM FILES (X86)\MICROSOFT SDKS\WINDOWS\V7.1A\LIB\SHELL32.LIB
         	C:\PROGRAM FILES (X86)\MICROSOFT SDKS\WINDOWS\V7.1A\LIB\OLE32.LIB
         	C:\PROGRAM FILES (X86)\MICROSOFT SDKS\WINDOWS\V7.1A\LIB\OLEAUT32.LIB
         	C:\PROGRAM FILES (X86)\MICROSOFT SDKS\WINDOWS\V7.1A\LIB\UUID.LIB
         	C:\PROGRAM FILES (X86)\MICROSOFT SDKS\WINDOWS\V7.1A\LIB\ODBC32.LIB
         	C:\PROGRAM FILES (X86)\MICROSOFT SDKS\WINDOWS\V7.1A\LIB\ODBCCP32.LIB
         	C:\USERS\CHRISYJLUO\DOCUMENTS\VISUAL STUDIO 2015\PROJECTS\PRINTDRIVERS\PRINTDRIVERS\DEBUG\PRINTDRIVERS.OBJ
         	C:\USERS\CHRISYJLUO\DOCUMENTS\VISUAL STUDIO 2015\PROJECTS\PRINTDRIVERS\PRINTDRIVERS\DEBUG\STDAFX.OBJ
         	C:\WINDOWS\SYSTEM32\TZRES.DLL
         	C:\PROGRAM FILES (X86)\MICROSOFT VISUAL STUDIO 14.0\VC\LIB\MSVCPRTD.LIB
         	C:\PROGRAM FILES (X86)\MICROSOFT VISUAL STUDIO 14.0\VC\LIB\MSVCRTD.LIB
         	C:\PROGRAM FILES (X86)\MICROSOFT VISUAL STUDIO 14.0\VC\LIB\OLDNAMES.LIB
         	C:\PROGRAM FILES (X86)\MICROSOFT VISUAL STUDIO 14.0\VC\LIB\VCRUNTIMED.LIB
         	C:\PROGRAM FILES (X86)\WINDOWS KITS\10\LIB\10.0.10240.0\UCRT\X86\UCRTD.LIB
         需要编译源: 输入 C:\USERS\CHRISYJLUO\DOCUMENTS\VISUAL STUDIO 2015\PROJECTS\PRINTDRIVERS\PRINTDRIVERS\DEBUG\PRINTDRIVERS.OBJ 比输出 C:\USERS\CHRISYJLUO\DOCUMENTS\VISUAL STUDIO 2015\PROJECTS\PRINTDRIVERS\DEBUG\PRINTDRIVERS.ILK 新。
         传递给工具的环境变量为:
           VS_UNICODE_OUTPUT=1104
         C:\Program Files (x86)\Microsoft Visual Studio 14.0\VC\bin\link.exe /ERRORREPORT:PROMPT /OUT:"C:\Users\chrisyjluo\Documents\Visual Studio 2015\Projects\PrintDrivers\Debug\PrintDrivers.exe" /INCREMENTAL /NOLOGO Shlwapi.lib kernel32.lib user32.lib gdi32.lib winspool.lib comdlg32.lib advapi32.lib shell32.lib ole32.lib oleaut32.lib uuid.lib odbc32.lib odbccp32.lib kernel32.lib user32.lib gdi32.lib winspool.lib comdlg32.lib advapi32.lib shell32.lib ole32.lib oleaut32.lib uuid.lib odbc32.lib odbccp32.lib /MANIFEST /MANIFESTUAC:"level='asInvoker' uiAccess='false'" /manifest:embed /DEBUG /PDB:"C:\Users\chrisyjluo\Documents\Visual Studio 2015\Projects\PrintDrivers\Debug\PrintDrivers.pdb" /SUBSYSTEM:CONSOLE,"5.01" /TLBID:1 /DYNAMICBASE /NXCOMPAT /IMPLIB:"C:\Users\chrisyjluo\Documents\Visual Studio 2015\Projects\PrintDrivers\Debug\PrintDrivers.lib" /MACHINE:X86 Debug\PrintDrivers.obj
         Debug\stdafx.obj
         Tracking command:
         C:\Program Files (x86)\MSBuild\14.0\bin\Tracker.exe /a /d "C:\Program Files (x86)\MSBuild\14.0\bin\FileTracker32.dll" /i "C:\Users\chrisyjluo\Documents\Visual Studio 2015\Projects\PrintDrivers\PrintDrivers\Debug\PrintDrivers.tlog" /r "C:\USERS\CHRISYJLUO\DOCUMENTS\VISUAL STUDIO 2015\PROJECTS\PRINTDRIVERS\PRINTDRIVERS\DEBUG\PRINTDRIVERS.OBJ|C:\USERS\CHRISYJLUO\DOCUMENTS\VISUAL STUDIO 2015\PROJECTS\PRINTDRIVERS\PRINTDRIVERS\DEBUG\STDAFX.OBJ" /b MSBuildConsole_CancelEventf9fe27e5541e4fc0acbb1174929aa41d  /c "C:\Program Files (x86)\Microsoft Visual Studio 14.0\VC\bin\link.exe"  /ERRORREPORT:PROMPT /OUT:"C:\Users\chrisyjluo\Documents\Visual Studio 2015\Projects\PrintDrivers\Debug\PrintDrivers.exe" /INCREMENTAL /NOLOGO Shlwapi.lib kernel32.lib user32.lib gdi32.lib winspool.lib comdlg32.lib advapi32.lib shell32.lib ole32.lib oleaut32.lib uuid.lib odbc32.lib odbccp32.lib kernel32.lib user32.lib gdi32.lib winspool.lib comdlg32.lib advapi32.lib shell32.lib ole32.lib oleaut32.lib uuid.lib odbc32.lib odbccp32.lib /MANIFEST /MANIFESTUAC:"level='asInvoker' uiAccess='false'" /manifest:embed /DEBUG /PDB:"C:\Users\chrisyjluo\Documents\Visual Studio 2015\Projects\PrintDrivers\Debug\PrintDrivers.pdb" /SUBSYSTEM:CONSOLE,"5.01" /TLBID:1 /DYNAMICBASE /NXCOMPAT /IMPLIB:"C:\Users\chrisyjluo\Documents\Visual Studio 2015\Projects\PrintDrivers\Debug\PrintDrivers.lib" /MACHINE:X86 Debug\PrintDrivers.obj
         Debug\stdafx.obj
       已完成执行任务“Link”的操作。
       任务“Message”
         PrintDrivers.vcxproj -> C:\Users\chrisyjluo\Documents\Visual Studio 2015\Projects\PrintDrivers\Debug\PrintDrivers.exe
       已完成执行任务“Message”的操作。
       由于 false 条件，已跳过任务“Message”；(('$(EmbedManifestBy)' != 'LINK' or '$(LegacyManifestEmbedding)' != 'true' or '$(LinkSkippedExecution)' == 'true') and
                    %(Link.GenerateDebugInformation) == 'DebugFastLink')计算为(('LINK' != 'LINK' or '' != 'true' or 'False' == 'true') and
                    true == 'DebugFastLink')。
       任务“Message”
         PrintDrivers.vcxproj -> C:\Users\chrisyjluo\Documents\Visual Studio 2015\Projects\PrintDrivers\Debug\PrintDrivers.pdb (Full PDB)
       已完成执行任务“Message”的操作。
     1>已完成在项目“PrintDrivers.vcxproj”中生成目标“Link”的操作。
       由于条件的计算结果为 false，已跳过目标“MetaGenInputsOutputs”；('$(EnableManagedIncrementalBuild)' == 'True')的计算结果为('false' == 'True')。
       由于条件的计算结果为 false，已跳过目标“ComputeMetaGenInputs”；('$(CLRSupport)'!='' and '$(CLRSupport)'!='false')的计算结果为('false'!='' and 'false'!='false')。
       由于条件的计算结果为 false，已跳过目标“MetaGen”；('@(MetaGen)' != '')的计算结果为('' != '')。
     1>来自项目“C:\Users\chrisyjluo\Documents\Visual Studio 2015\Projects\PrintDrivers\PrintDrivers\PrintDrivers.vcxproj”的文件“C:\Program Files (x86)\MSBuild\Microsoft.Cpp\v4.0\V140\Microsoft.CppBuild.targets”中的目标“ComputeLinkImportLibraryOutputsForClean”(目标“_Link”依赖于它):
       由于 false 条件，已跳过任务“WriteLinesToFile”；('@(_LinkSecondaryOutput)' != '')计算为('' != '')。
     1>已完成在项目“PrintDrivers.vcxproj”中生成目标“ComputeLinkImportLibraryOutputsForClean”的操作。
     1>来自项目“C:\Users\chrisyjluo\Documents\Visual Studio 2015\Projects\PrintDrivers\PrintDrivers\PrintDrivers.vcxproj”的文件“C:\Program Files (x86)\MSBuild\Microsoft.Cpp\v4.0\V140\Microsoft.CppBuild.targets”中的目标“AfterLink”(目标“_Link”依赖于它):
     1>已完成在项目“PrintDrivers.vcxproj”中生成目标“AfterLink”的操作。
     1>来自项目“C:\Users\chrisyjluo\Documents\Visual Studio 2015\Projects\PrintDrivers\PrintDrivers\PrintDrivers.vcxproj”的文件“C:\Program Files (x86)\MSBuild\Microsoft.Cpp\v4.0\V140\Microsoft.CppBuild.targets”中的目标“_Link”(目标“_BuildLinkAction”依赖于它):
     1>已完成在项目“PrintDrivers.vcxproj”中生成目标“_Link”的操作。
     1>来自项目“C:\Users\chrisyjluo\Documents\Visual Studio 2015\Projects\PrintDrivers\PrintDrivers\PrintDrivers.vcxproj”的文件“C:\Program Files (x86)\MSBuild\Microsoft.Cpp\v4.0\V140\Microsoft.CppBuild.targets”中的目标“_ALink”(目标“_BuildLinkAction”依赖于它):
     1>已完成在项目“PrintDrivers.vcxproj”中生成目标“_ALink”的操作。
       已跳过目标“ComputeLegacyManifestEmbedding”。以前的生成已成功。
     1>来自项目“C:\Users\chrisyjluo\Documents\Visual Studio 2015\Projects\PrintDrivers\PrintDrivers\PrintDrivers.vcxproj”的文件“C:\Program Files (x86)\MSBuild\Microsoft.Cpp\v4.0\V140\Microsoft.CppBuild.targets”中的目标“_Manifest”(目标“_BuildLinkAction”依赖于它):
       由于 false 条件，已跳过任务“CallTarget”；('$(LegacyManifestEmbedding)' == 'true')计算为('' == 'true')。
     1>已完成在项目“PrintDrivers.vcxproj”中生成目标“_Manifest”的操作。
     1>来自项目“C:\Users\chrisyjluo\Documents\Visual Studio 2015\Projects\PrintDrivers\PrintDrivers\PrintDrivers.vcxproj”的文件“C:\Program Files (x86)\MSBuild\Microsoft.Cpp\v4.0\V140\Microsoft.CppCommon.targets”中的目标“RegisterOutput”(目标“_BuildLinkAction”依赖于它):
       由于 false 条件，已跳过任务“Exec”；('$(ConfigurationType)'=='DynamicLibrary' and '%(Link.RegisterOutput)'=='true' and '%(Link.PerUserRedirection)'!='true')计算为('Application'=='DynamicLibrary' and 'false'=='true' and 'false'!='true')。
       由于 false 条件，已跳过任务“Exec”；('$(ConfigurationType)'=='DynamicLibrary' and '%(Link.RegisterOutput)'=='true' and '%(Link.PerUserRedirection)'=='true')计算为('Application'=='DynamicLibrary' and 'false'=='true' and 'false'=='true')。
       由于 false 条件，已跳过任务“Exec”；('$(ConfigurationType)'=='Application' and '%(Link.RegisterOutput)'=='true' and '%(Link.PerUserRedirection)'!='true')计算为('Application'=='Application' and 'false'=='true' and 'false'!='true')。
       由于 false 条件，已跳过任务“Exec”；('$(ConfigurationType)'=='Application' and '%(Link.RegisterOutput)'=='true' and '%(Link.PerUserRedirection)'=='true')计算为('Application'=='Application' and 'false'=='true' and 'false'=='true')。
       由于 false 条件，已跳过任务“VCMessage”；('$(_RegisterOutputExitCode)' != '' and '$(_RegisterOutputExitCode)' != '0')计算为('' != '' and '' != '0')。
     1>已完成在项目“PrintDrivers.vcxproj”中生成目标“RegisterOutput”的操作。
       已跳过目标“PrepareForBuild”。以前的生成已成功。
       已跳过目标“ResolveReferences”。以前的生成已成功。
     1>来自项目“C:\Users\chrisyjluo\Documents\Visual Studio 2015\Projects\PrintDrivers\PrintDrivers\PrintDrivers.vcxproj”的文件“C:\Program Files (x86)\MSBuild\Microsoft.Cpp\v4.0\V140\Microsoft.CppBuild.targets”中的目标“ResolvedXDCMake”(目标“_XdcMake”依赖于它):
       由于 false 条件，已跳过任务“MSBuild”；('%(_MSBuildProjectReferenceExistent.Extension)' == '.vcxproj' and '@(ProjectReferenceWithConfiguration)' != '' and '@(_MSBuildProjectReferenceExistent)' != '' and '$(_ClCompileGenerateXMLDocumentationFiles)' == 'true')计算为('' == '.vcxproj' and '' != '' and '' != '' and '' == 'true')。
     1>已完成在项目“PrintDrivers.vcxproj”中生成目标“ResolvedXDCMake”的操作。
     1>来自项目“C:\Users\chrisyjluo\Documents\Visual Studio 2015\Projects\PrintDrivers\PrintDrivers\PrintDrivers.vcxproj”的文件“C:\Program Files (x86)\MSBuild\Microsoft.Cpp\v4.0\V140\Microsoft.CppBuild.targets”中的目标“ComputeCLCompileGeneratedXDCFiles”(目标“_XdcMake”依赖于它):
     1>已完成在项目“PrintDrivers.vcxproj”中生成目标“ComputeCLCompileGeneratedXDCFiles”的操作。
     1>来自项目“C:\Users\chrisyjluo\Documents\Visual Studio 2015\Projects\PrintDrivers\PrintDrivers\PrintDrivers.vcxproj”的文件“C:\Program Files (x86)\MSBuild\Microsoft.Cpp\v4.0\V140\Microsoft.CppBuild.targets”中的目标“MakeDirsForXdcMake”(目标“_XdcMake”依赖于它):
       任务“MakeDir”
       已完成执行任务“MakeDir”的操作。
     1>已完成在项目“PrintDrivers.vcxproj”中生成目标“MakeDirsForXdcMake”的操作。
       由于条件的计算结果为 false，已跳过目标“XdcMake”；('@(XdcMake)' != '')的计算结果为('' != '')。
     1>来自项目“C:\Users\chrisyjluo\Documents\Visual Studio 2015\Projects\PrintDrivers\PrintDrivers\PrintDrivers.vcxproj”的文件“C:\Program Files (x86)\MSBuild\Microsoft.Cpp\v4.0\V140\Microsoft.CppBuild.targets”中的目标“_XdcMake”(目标“_BuildLinkAction”依赖于它):
     1>已完成在项目“PrintDrivers.vcxproj”中生成目标“_XdcMake”的操作。
     1>来自项目“C:\Users\chrisyjluo\Documents\Visual Studio 2015\Projects\PrintDrivers\PrintDrivers\PrintDrivers.vcxproj”的文件“C:\Program Files (x86)\MSBuild\Microsoft.Cpp\v4.0\V140\Microsoft.CppBuild.targets”中的目标“ComputeCLCompileGeneratedSbrFiles”(目标“_BscMake”依赖于它):
     1>已完成在项目“PrintDrivers.vcxproj”中生成目标“ComputeCLCompileGeneratedSbrFiles”的操作。
     1>来自项目“C:\Users\chrisyjluo\Documents\Visual Studio 2015\Projects\PrintDrivers\PrintDrivers\PrintDrivers.vcxproj”的文件“C:\Program Files (x86)\MSBuild\Microsoft.Cpp\v4.0\V140\Microsoft.CppBuild.targets”中的目标“MakeDirsForBscMake”(目标“_BscMake”依赖于它):
       任务“MakeDir”
       已完成执行任务“MakeDir”的操作。
     1>已完成在项目“PrintDrivers.vcxproj”中生成目标“MakeDirsForBscMake”的操作。
       由于条件的计算结果为 false，已跳过目标“BscMake”；('@(BscMake)' != '')的计算结果为('' != '')。
       由于条件的计算结果为 false，已跳过目标“CustomBuildStep”；('@(CustomBuildStep)' != '' and '$(SelectedFiles)'=='')的计算结果为('' != '' and ''=='')。
     1>来自项目“C:\Users\chrisyjluo\Documents\Visual Studio 2015\Projects\PrintDrivers\PrintDrivers\PrintDrivers.vcxproj”的文件“C:\Program Files (x86)\MSBuild\Microsoft.Cpp\v4.0\V140\Microsoft.CppBuild.targets”中的目标“_BscMake”(目标“_BuildLinkAction”依赖于它):
     1>已完成在项目“PrintDrivers.vcxproj”中生成目标“_BscMake”的操作。
       由于条件的计算结果为 false，已跳过目标“RunMergeNativeCodeAnalysis”；('$(Language)'=='C++' and '$(RunCodeAnalysisOnThisProject)'=='true')的计算结果为('C++'=='C++' and ''=='true')。
       由于条件的计算结果为 false，已跳过目标“RunNativeCodeAnalysis”；('$(Language)'=='C++' and '$(RunCodeAnalysisOnThisProject)'=='true')的计算结果为('C++'=='C++' and ''=='true')。
     1>来自项目“C:\Users\chrisyjluo\Documents\Visual Studio 2015\Projects\PrintDrivers\PrintDrivers\PrintDrivers.vcxproj”的文件“C:\Program Files (x86)\MSBuild\14.0\bin\Microsoft.Common.CurrentVersion.targets”中的目标“_GenerateSatelliteAssemblyInputs”(目标“CreateSatelliteAssemblies”依赖于它):
       由于 false 条件，已跳过任务“Warning”；('@(ManifestResourceWithCulture)'!='' and '%(ManifestResourceWithCulture.EmittedForCompatibilityOnly)'=='')计算为(''!='' and ''=='')。
       由于 false 条件，已跳过任务“Warning”；('@(ManifestNonResxWithCultureOnDisk)'!='' and '%(ManifestNonResxWithCultureOnDisk.EmittedForCompatibilityOnly)'=='')计算为(''!='' and ''=='')。
     1>已完成在项目“PrintDrivers.vcxproj”中生成目标“_GenerateSatelliteAssemblyInputs”的操作。
       由于条件的计算结果为 false，已跳过目标“ComputeIntermediateSatelliteAssemblies”；(@(ReferenceSatellitePaths->'%(DestinationSubDirectory)') != '')的计算结果为( != '')。
       由于条件的计算结果为 false，已跳过目标“GenerateSatelliteAssemblies”；('@(_SatelliteAssemblyResourceInputs)' != '')的计算结果为('' != '')。
     1>来自项目“C:\Users\chrisyjluo\Documents\Visual Studio 2015\Projects\PrintDrivers\PrintDrivers\PrintDrivers.vcxproj”的文件“C:\Program Files (x86)\MSBuild\14.0\bin\Microsoft.Common.CurrentVersion.targets”中的目标“CreateSatelliteAssemblies”(目标“_BuildLinkAction”依赖于它):
     1>已完成在项目“PrintDrivers.vcxproj”中生成目标“CreateSatelliteAssemblies”的操作。
     1>来自项目“C:\Users\chrisyjluo\Documents\Visual Studio 2015\Projects\PrintDrivers\PrintDrivers\PrintDrivers.vcxproj”的文件“C:\Program Files (x86)\MSBuild\Microsoft.Cpp\v4.0\V140\Microsoft.CppBuild.targets”中的目标“_Appverifier”(目标“_BuildLinkAction”依赖于它):
     1>已完成在项目“PrintDrivers.vcxproj”中生成目标“_Appverifier”的操作。
     1>来自项目“C:\Users\chrisyjluo\Documents\Visual Studio 2015\Projects\PrintDrivers\PrintDrivers\PrintDrivers.vcxproj”的文件“C:\Program Files (x86)\MSBuild\Microsoft.Cpp\v4.0\V140\Microsoft.CppBuild.targets”中的目标“_Deploy”(目标“_BuildLinkAction”依赖于它):
     1>已完成在项目“PrintDrivers.vcxproj”中生成目标“_Deploy”的操作。
       由于条件的计算结果为 false，已跳过目标“ComputeIntermediateSatelliteAssemblies”；(@(ReferenceSatellitePaths->'%(DestinationSubDirectory)') != '')的计算结果为( != '')。
       由于条件的计算结果为 false，已跳过目标“_CopyFilesMarkedCopyLocal”；('@(ReferenceCopyLocalPaths)' != '')的计算结果为('' != '')。
       已跳过目标“AssignTargetPaths”。以前的生成已成功。
       已跳过目标“_SplitProjectReferencesByFileExistence”。以前的生成已成功。
     1>来自项目“C:\Users\chrisyjluo\Documents\Visual Studio 2015\Projects\PrintDrivers\PrintDrivers\PrintDrivers.vcxproj”的文件“C:\Windows\Microsoft.NET\Framework\v4.0.30319\Microsoft.Xaml.targets”中的目标“GetCopyToOutputDirectoryXamlAppDefs”(目标“GetCopyToOutputDirectoryItems”依赖于它):
       任务“AssignTargetPath”
       已完成执行任务“AssignTargetPath”的操作。
     1>已完成在项目“PrintDrivers.vcxproj”中生成目标“GetCopyToOutputDirectoryXamlAppDefs”的操作。
     1>来自项目“C:\Users\chrisyjluo\Documents\Visual Studio 2015\Projects\PrintDrivers\PrintDrivers\PrintDrivers.vcxproj”的文件“C:\Program Files (x86)\MSBuild\14.0\bin\Microsoft.Common.CurrentVersion.targets”中的目标“GetCopyToOutputDirectoryItems”(目标“_CopySourceItemsToOutputDirectory”依赖于它):
       由于 false 条件，已跳过任务“MSBuild”；('@(_MSBuildProjectReferenceExistent)' != '' and '$(_GetChildProjectCopyToOutputDirectoryItems)' == 'true' and '%(_MSBuildProjectReferenceExistent.Private)' != 'false' and '$(UseCommonOutputDirectory)' != 'true')计算为('' != '' and 'true' == 'true' and '' != 'false' and 'false' != 'true')。
       任务“AssignTargetPath”
       已完成执行任务“AssignTargetPath”的操作。
     1>已完成在项目“PrintDrivers.vcxproj”中生成目标“GetCopyToOutputDirectoryItems”的操作。
       由于条件的计算结果为 false，已跳过目标“_CopyOutOfDateSourceItemsToOutputDirectory”；( '@(_SourceItemsToCopyToOutputDirectory)' != '' )的计算结果为( '' != '' )。
       由于条件的计算结果为 false，已跳过目标“_CopyOutOfDateSourceItemsToOutputDirectoryAlways”；( '@(_SourceItemsToCopyToOutputDirectoryAlways)' != '' )的计算结果为( '' != '' )。
     1>来自项目“C:\Users\chrisyjluo\Documents\Visual Studio 2015\Projects\PrintDrivers\PrintDrivers\PrintDrivers.vcxproj”的文件“C:\Program Files (x86)\MSBuild\14.0\bin\Microsoft.Common.CurrentVersion.targets”中的目标“_CopySourceItemsToOutputDirectory”(目标“CopyFilesToOutputDirectory”依赖于它):
     1>已完成在项目“PrintDrivers.vcxproj”中生成目标“_CopySourceItemsToOutputDirectory”的操作。
       由于条件的计算结果为 false，已跳过目标“_CopyAppConfigFile”；( '@(AppConfigWithTargetPath)' != '' )的计算结果为( '' != '' )。
       由于条件的计算结果为 false，已跳过目标“_CopyManifestFiles”；( '$(_DeploymentCopyApplicationManifest)'=='true' or '$(GenerateClickOnceManifests)'=='true' )的计算结果为( ''=='true' or ''=='true' )。
     1>来自项目“C:\Users\chrisyjluo\Documents\Visual Studio 2015\Projects\PrintDrivers\PrintDrivers\PrintDrivers.vcxproj”的文件“C:\Program Files (x86)\MSBuild\14.0\bin\Microsoft.Common.CurrentVersion.targets”中的目标“_CheckForCompileOutputs”(目标“CopyFilesToOutputDirectory”依赖于它):
     1>已完成在项目“PrintDrivers.vcxproj”中生成目标“_CheckForCompileOutputs”的操作。
       由于条件的计算结果为 false，已跳过目标“_SGenCheckForOutputs”；('$(_SGenGenerateSerializationAssembliesConfig)' == 'On' or ('@(WebReferenceUrl)'!='' and '$(_SGenGenerateSerializationAssembliesConfig)' == 'Auto'))的计算结果为('Off' == 'On' or (''!='' and 'Off' == 'Auto'))。
     1>来自项目“C:\Users\chrisyjluo\Documents\Visual Studio 2015\Projects\PrintDrivers\PrintDrivers\PrintDrivers.vcxproj”的文件“C:\Program Files (x86)\MSBuild\14.0\bin\Microsoft.Common.CurrentVersion.targets”中的目标“CopyFilesToOutputDirectory”(目标“PrepareForRun”依赖于它):
       由于 false 条件，已跳过任务“Copy”；('$(CopyBuildOutputToOutputDirectory)' == 'true' and '$(SkipCopyBuildProduct)' != 'true')计算为('true' == 'true' and 'true' != 'true')。
       由于 false 条件，已跳过任务“Message”；('$(CopyBuildOutputToOutputDirectory)' == 'true' and '$(SkipCopyBuildProduct)'!='true')计算为('true' == 'true' and 'true'!='true')。
       由于 false 条件，已跳过任务“Copy”；('@(AddModules)' != '')计算为('' != '')。
       由于 false 条件，已跳过任务“Copy”；('$(_SGenDllCreated)'=='true')计算为('false'=='true')。
       由于 false 条件，已跳过任务“Copy”；('$(_DebugSymbolsProduced)'=='true' and '$(SkipCopyingSymbolsToOutputDirectory)' != 'true' and '$(CopyOutputSymbolsToOutputDirectory)'=='true')计算为('false'=='true' and '' != 'true' and 'true'=='true')。
       由于 false 条件，已跳过任务“Copy”；('$(_DocumentationFileProduced)'=='true')计算为('false'=='true')。
       由于 false 条件，已跳过任务“Copy”；('@(IntermediateSatelliteAssembliesWithTargetPath)' != '')计算为('' != '')。
       由于 false 条件，已跳过任务“Copy”；('@(ReferenceComWrappersToCopyLocal)' != '' or '@(ResolvedIsolatedComModules)' != '' or '@(_DeploymentLooseManifestFile)' != '' or '@(NativeReferenceFile)' != '' )计算为('' != '' or '' != '' or '' != '' or '' != '' )。
       由于 false 条件，已跳过任务“Copy”；('$(SkipCopyWinMDArtifact)' != 'true' and '@(WinMDExpArtifacts)' != '')计算为('' != 'true' and '' != '')。
       由于 false 条件，已跳过任务“Message”；('$(SkipCopyWinMDArtifact)' != 'true' and '$(_WindowsMetadataOutputPath)' != '')计算为('' != 'true' and '' != '')。
     1>已完成在项目“PrintDrivers.vcxproj”中生成目标“CopyFilesToOutputDirectory”的操作。
     1>来自项目“C:\Users\chrisyjluo\Documents\Visual Studio 2015\Projects\PrintDrivers\PrintDrivers\PrintDrivers.vcxproj”的文件“C:\Program Files (x86)\MSBuild\14.0\bin\Microsoft.Common.CurrentVersion.targets”中的目标“PrepareForRun”(目标“_BuildLinkAction”依赖于它):
     1>已完成在项目“PrintDrivers.vcxproj”中生成目标“PrepareForRun”的操作。
       由于条件的计算结果为 false，已跳过目标“CustomBuildStep”；('@(CustomBuildStep)' != '' and '$(SelectedFiles)'=='')的计算结果为('' != '' and ''=='')。
     1>来自项目“C:\Users\chrisyjluo\Documents\Visual Studio 2015\Projects\PrintDrivers\PrintDrivers\PrintDrivers.vcxproj”的文件“C:\Program Files (x86)\MSBuild\Microsoft.Cpp\v4.0\V140\Microsoft.CppCommon.targets”中的目标“PostBuildEvent”(目标“_BuildLinkAction”依赖于它):
       由于 false 条件，已跳过任务“Message”；('%(PostBuildEvent.Message)' != '' and '%(PostBuildEvent.Command)' != '')计算为('' != '' and '' != '')。
       由于 false 条件，已跳过任务“Exec”；('%(PostBuildEvent.Command)' != '')计算为('' != '')。
     1>已完成在项目“PrintDrivers.vcxproj”中生成目标“PostBuildEvent”的操作。
     1>来自项目“C:\Users\chrisyjluo\Documents\Visual Studio 2015\Projects\PrintDrivers\PrintDrivers\PrintDrivers.vcxproj”的文件“C:\Program Files (x86)\MSBuild\Microsoft.Cpp\v4.0\V140\Microsoft.CppBuild.targets”中的目标“_BuildLinkAction”(目标“BuildLink”依赖于它):
     1>已完成在项目“PrintDrivers.vcxproj”中生成目标“_BuildLinkAction”的操作。
     1>来自项目“C:\Users\chrisyjluo\Documents\Visual Studio 2015\Projects\PrintDrivers\PrintDrivers\PrintDrivers.vcxproj”的文件“C:\Program Files (x86)\MSBuild\14.0\bin\Microsoft.Common.CurrentVersion.targets”中的目标“BuildLink”(目标“Build”依赖于它):
     1>已完成在项目“PrintDrivers.vcxproj”中生成目标“BuildLink”的操作。
       由于条件的计算结果为 false，已跳过目标“CreateTfsBuildInfoResource”；( $(AddBuildInfoToAssembly)==true )的计算结果为( false==true )。
     1>来自项目“C:\Users\chrisyjluo\Documents\Visual Studio 2015\Projects\PrintDrivers\PrintDrivers\PrintDrivers.vcxproj”的文件“C:\Program Files (x86)\MSBuild\Microsoft.Cpp\v4.0\V140\Microsoft.BuildSteps.Targets”中的目标“AfterBuild”(目标“Build”依赖于它):
     1>已完成在项目“PrintDrivers.vcxproj”中生成目标“AfterBuild”的操作。
     1>来自项目“C:\Users\chrisyjluo\Documents\Visual Studio 2015\Projects\PrintDrivers\PrintDrivers\PrintDrivers.vcxproj”的文件“C:\Program Files (x86)\MSBuild\Microsoft.Cpp\v4.0\V140\Microsoft.CppBuild.targets”中的目标“FinalizeBuildStatus”(目标“Build”依赖于它):
       正在使用程序集“Microsoft.Build.Tasks.Core, Version=14.0.0.0, Culture=neutral, PublicKeyToken=b03f5f7f11d50a3a”中的“Delete”任务。
       任务“Delete”
         正在删除文件“Debug\PrintDrivers.tlog\unsuccessfulbuild”。
       已完成执行任务“Delete”的操作。
       任务“Touch”
         正在对“Debug\PrintDrivers.tlog\PrintDrivers.lastbuildstate”执行 Touch 任务。
       已完成执行任务“Touch”的操作。
     1>已完成在项目“PrintDrivers.vcxproj”中生成目标“FinalizeBuildStatus”的操作。
     1>来自项目“C:\Users\chrisyjluo\Documents\Visual Studio 2015\Projects\PrintDrivers\PrintDrivers\PrintDrivers.vcxproj”的文件“C:\Program Files (x86)\MSBuild\Microsoft.Cpp\v4.0\V140\Microsoft.BuildSteps.Targets”中的目标“Build”(入口点):
     1>已完成在项目“PrintDrivers.vcxproj”中生成目标“Build”的操作。
     1>已完成生成项目“C:\Users\chrisyjluo\Documents\Visual Studio 2015\Projects\PrintDrivers\PrintDrivers\PrintDrivers.vcxproj”(Build 个目标)的操作。

已成功生成。

已用时间 00:00:01.54
